INFO - 2024-10-14 02:10:08 --> Session: Class initialized using 'CodeIgniter\Session\Handlers\FileHandler' driver.
INFO - 2024-10-14 02:15:54 --> Received input: {"username":"salsabila","email":"winna@email.com","password":"winna123457678"}
ERROR - 2024-10-14 02:15:54 --> Error connecting to the database: mysqli_sql_exception: Unknown database 'ams' in C:\laragon\www\AttendanceMS\system\Database\MySQLi\Connection.php:186
Stack trace:
#0 C:\laragon\www\AttendanceMS\system\Database\MySQLi\Connection.php(186): mysqli->real_connect('localhost', 'root', Object(SensitiveParameterValue), 'ams', 3306, '', 0)
#1 C:\laragon\www\AttendanceMS\system\Database\BaseConnection.php(421): CodeIgniter\Database\MySQLi\Connection->connect(false)
#2 C:\laragon\www\AttendanceMS\system\Database\BaseConnection.php(616): CodeIgniter\Database\BaseConnection->initialize()
#3 C:\laragon\www\AttendanceMS\system\Database\BaseBuilder.php(1644): CodeIgniter\Database\BaseConnection->query('SELECT *\nFROM `...', Array, false)
#4 C:\laragon\www\AttendanceMS\system\Model.php(330): CodeIgniter\Database\BaseBuilder->get()
#5 C:\laragon\www\AttendanceMS\system\BaseModel.php(714): CodeIgniter\Model->doFirst()
#6 C:\laragon\www\AttendanceMS\app\Controllers\ApiController.php(119): CodeIgniter\BaseModel->first()
#7 C:\laragon\www\AttendanceMS\system\CodeIgniter.php(933): App\Controllers\ApiController->register()
#8 C:\laragon\www\AttendanceMS\system\CodeIgniter.php(509): CodeIgniter\CodeIgniter->runController(Object(App\Controllers\ApiController))
#9 C:\laragon\www\AttendanceMS\system\CodeIgniter.php(355): CodeIgniter\CodeIgniter->handleRequest(NULL, Object(Config\Cache), false)
#10 C:\laragon\www\AttendanceMS\system\Boot.php(325): CodeIgniter\CodeIgniter->run()
#11 C:\laragon\www\AttendanceMS\system\Boot.php(67): CodeIgniter\Boot::runCodeIgniter(Object(CodeIgniter\CodeIgniter))
#12 C:\laragon\www\AttendanceMS\public\index.php(56): CodeIgniter\Boot::bootWeb(Object(Config\Paths))
#13 C:\laragon\www\AttendanceMS\system\rewrite.php(44): require_once('C:\\laragon\\www\\...')
#14 {main}

Next CodeIgniter\Database\Exceptions\DatabaseException: Unknown database 'ams' in C:\laragon\www\AttendanceMS\system\Database\MySQLi\Connection.php:231
Stack trace:
#0 C:\laragon\www\AttendanceMS\system\Database\BaseConnection.php(421): CodeIgniter\Database\MySQLi\Connection->connect(false)
#1 C:\laragon\www\AttendanceMS\system\Database\BaseConnection.php(616): CodeIgniter\Database\BaseConnection->initialize()
#2 C:\laragon\www\AttendanceMS\system\Database\BaseBuilder.php(1644): CodeIgniter\Database\BaseConnection->query('SELECT *\nFROM `...', Array, false)
#3 C:\laragon\www\AttendanceMS\system\Model.php(330): CodeIgniter\Database\BaseBuilder->get()
#4 C:\laragon\www\AttendanceMS\system\BaseModel.php(714): CodeIgniter\Model->doFirst()
#5 C:\laragon\www\AttendanceMS\app\Controllers\ApiController.php(119): CodeIgniter\BaseModel->first()
#6 C:\laragon\www\AttendanceMS\system\CodeIgniter.php(933): App\Controllers\ApiController->register()
#7 C:\laragon\www\AttendanceMS\system\CodeIgniter.php(509): CodeIgniter\CodeIgniter->runController(Object(App\Controllers\ApiController))
#8 C:\laragon\www\AttendanceMS\system\CodeIgniter.php(355): CodeIgniter\CodeIgniter->handleRequest(NULL, Object(Config\Cache), false)
#9 C:\laragon\www\AttendanceMS\system\Boot.php(325): CodeIgniter\CodeIgniter->run()
#10 C:\laragon\www\AttendanceMS\system\Boot.php(67): CodeIgniter\Boot::runCodeIgniter(Object(CodeIgniter\CodeIgniter))
#11 C:\laragon\www\AttendanceMS\public\index.php(56): CodeIgniter\Boot::bootWeb(Object(Config\Paths))
#12 C:\laragon\www\AttendanceMS\system\rewrite.php(44): require_once('C:\\laragon\\www\\...')
#13 {main}
CRITICAL - 2024-10-14 02:15:54 --> CodeIgniter\Database\Exceptions\DatabaseException: Unable to connect to the database.
Main connection [MySQLi]: Unknown database 'ams'
[Method: POST, Route: api/register]
in SYSTEMPATH\Database\BaseConnection.php on line 467.
 1 SYSTEMPATH\Database\BaseConnection.php(616): CodeIgniter\Database\BaseConnection->initialize()
 2 SYSTEMPATH\Database\BaseBuilder.php(1644): CodeIgniter\Database\BaseConnection->query('SELECT *
FROM `tb_login`
WHERE `username` = :username:
 LIMIT 1', [...], false)
 3 SYSTEMPATH\Model.php(330): CodeIgniter\Database\BaseBuilder->get()
 4 SYSTEMPATH\BaseModel.php(714): CodeIgniter\Model->doFirst()
 5 APPPATH\Controllers\ApiController.php(119): CodeIgniter\BaseModel->first()
 6 SYSTEMPATH\CodeIgniter.php(933): App\Controllers\ApiController->register()
 7 SYSTEMPATH\CodeIgniter.php(509): CodeIgniter\CodeIgniter->runController(Object(App\Controllers\ApiController))
 8 SYSTEMPATH\CodeIgniter.php(355): CodeIgniter\CodeIgniter->handleRequest(null, Object(Config\Cache), false)
 9 SYSTEMPATH\Boot.php(325): CodeIgniter\CodeIgniter->run()
10 SYSTEMPATH\Boot.php(67): CodeIgniter\Boot::runCodeIgniter(Object(CodeIgniter\CodeIgniter))
11 FCPATH\index.php(56): CodeIgniter\Boot::bootWeb(Object(Config\Paths))
12 SYSTEMPATH\rewrite.php(44): require_once('C:\\laragon\\www\\AttendanceMS\\public\\index.php')
INFO - 2024-10-14 03:01:09 --> Received input: {"username":"aca","email":"winnaulias@gmail.com","password":"winna1234"}
ERROR - 2024-10-14 03:01:13 --> Error connecting to the database: mysqli_sql_exception: No connection could be made because the target machine actively refused it in C:\laragon\www\AttendanceMS\system\Database\MySQLi\Connection.php:186
Stack trace:
#0 C:\laragon\www\AttendanceMS\system\Database\MySQLi\Connection.php(186): mysqli->real_connect('localhost', 'root', Object(SensitiveParameterValue), 'ams', 3306, '', 0)
#1 C:\laragon\www\AttendanceMS\system\Database\BaseConnection.php(421): CodeIgniter\Database\MySQLi\Connection->connect(false)
#2 C:\laragon\www\AttendanceMS\system\Database\BaseConnection.php(616): CodeIgniter\Database\BaseConnection->initialize()
#3 C:\laragon\www\AttendanceMS\system\Database\BaseBuilder.php(1644): CodeIgniter\Database\BaseConnection->query('SELECT *\nFROM `...', Array, false)
#4 C:\laragon\www\AttendanceMS\system\Model.php(330): CodeIgniter\Database\BaseBuilder->get()
#5 C:\laragon\www\AttendanceMS\system\BaseModel.php(714): CodeIgniter\Model->doFirst()
#6 C:\laragon\www\AttendanceMS\app\Controllers\ApiController.php(119): CodeIgniter\BaseModel->first()
#7 C:\laragon\www\AttendanceMS\system\CodeIgniter.php(933): App\Controllers\ApiController->register()
#8 C:\laragon\www\AttendanceMS\system\CodeIgniter.php(509): CodeIgniter\CodeIgniter->runController(Object(App\Controllers\ApiController))
#9 C:\laragon\www\AttendanceMS\system\CodeIgniter.php(355): CodeIgniter\CodeIgniter->handleRequest(NULL, Object(Config\Cache), false)
#10 C:\laragon\www\AttendanceMS\system\Boot.php(325): CodeIgniter\CodeIgniter->run()
#11 C:\laragon\www\AttendanceMS\system\Boot.php(67): CodeIgniter\Boot::runCodeIgniter(Object(CodeIgniter\CodeIgniter))
#12 C:\laragon\www\AttendanceMS\public\index.php(56): CodeIgniter\Boot::bootWeb(Object(Config\Paths))
#13 C:\laragon\www\AttendanceMS\system\rewrite.php(44): require_once('C:\\laragon\\www\\...')
#14 {main}

Next CodeIgniter\Database\Exceptions\DatabaseException: No connection could be made because the target machine actively refused it in C:\laragon\www\AttendanceMS\system\Database\MySQLi\Connection.php:231
Stack trace:
#0 C:\laragon\www\AttendanceMS\system\Database\BaseConnection.php(421): CodeIgniter\Database\MySQLi\Connection->connect(false)
#1 C:\laragon\www\AttendanceMS\system\Database\BaseConnection.php(616): CodeIgniter\Database\BaseConnection->initialize()
#2 C:\laragon\www\AttendanceMS\system\Database\BaseBuilder.php(1644): CodeIgniter\Database\BaseConnection->query('SELECT *\nFROM `...', Array, false)
#3 C:\laragon\www\AttendanceMS\system\Model.php(330): CodeIgniter\Database\BaseBuilder->get()
#4 C:\laragon\www\AttendanceMS\system\BaseModel.php(714): CodeIgniter\Model->doFirst()
#5 C:\laragon\www\AttendanceMS\app\Controllers\ApiController.php(119): CodeIgniter\BaseModel->first()
#6 C:\laragon\www\AttendanceMS\system\CodeIgniter.php(933): App\Controllers\ApiController->register()
#7 C:\laragon\www\AttendanceMS\system\CodeIgniter.php(509): CodeIgniter\CodeIgniter->runController(Object(App\Controllers\ApiController))
#8 C:\laragon\www\AttendanceMS\system\CodeIgniter.php(355): CodeIgniter\CodeIgniter->handleRequest(NULL, Object(Config\Cache), false)
#9 C:\laragon\www\AttendanceMS\system\Boot.php(325): CodeIgniter\CodeIgniter->run()
#10 C:\laragon\www\AttendanceMS\system\Boot.php(67): CodeIgniter\Boot::runCodeIgniter(Object(CodeIgniter\CodeIgniter))
#11 C:\laragon\www\AttendanceMS\public\index.php(56): CodeIgniter\Boot::bootWeb(Object(Config\Paths))
#12 C:\laragon\www\AttendanceMS\system\rewrite.php(44): require_once('C:\\laragon\\www\\...')
#13 {main}
CRITICAL - 2024-10-14 03:01:13 --> CodeIgniter\Database\Exceptions\DatabaseException: Unable to connect to the database.
Main connection [MySQLi]: No connection could be made because the target machine actively refused it
[Method: POST, Route: api/register]
in SYSTEMPATH\Database\BaseConnection.php on line 467.
 1 SYSTEMPATH\Database\BaseConnection.php(616): CodeIgniter\Database\BaseConnection->initialize()
 2 SYSTEMPATH\Database\BaseBuilder.php(1644): CodeIgniter\Database\BaseConnection->query('SELECT *
FROM `tb_login`
WHERE `username` = :username:
 LIMIT 1', [...], false)
 3 SYSTEMPATH\Model.php(330): CodeIgniter\Database\BaseBuilder->get()
 4 SYSTEMPATH\BaseModel.php(714): CodeIgniter\Model->doFirst()
 5 APPPATH\Controllers\ApiController.php(119): CodeIgniter\BaseModel->first()
 6 SYSTEMPATH\CodeIgniter.php(933): App\Controllers\ApiController->register()
 7 SYSTEMPATH\CodeIgniter.php(509): CodeIgniter\CodeIgniter->runController(Object(App\Controllers\ApiController))
 8 SYSTEMPATH\CodeIgniter.php(355): CodeIgniter\CodeIgniter->handleRequest(null, Object(Config\Cache), false)
 9 SYSTEMPATH\Boot.php(325): CodeIgniter\CodeIgniter->run()
10 SYSTEMPATH\Boot.php(67): CodeIgniter\Boot::runCodeIgniter(Object(CodeIgniter\CodeIgniter))
11 FCPATH\index.php(56): CodeIgniter\Boot::bootWeb(Object(Config\Paths))
12 SYSTEMPATH\rewrite.php(44): require_once('C:\\laragon\\www\\AttendanceMS\\public\\index.php')
