INFO - 2024-10-21 02:46:37 --> Session: Class initialized using 'CodeIgniter\Session\Handlers\FileHandler' driver.
INFO - 2024-10-21 02:52:02 --> Session: Class initialized using 'CodeIgniter\Session\Handlers\FileHandler' driver.
INFO - 2024-10-21 03:53:22 --> Session: Class initialized using 'CodeIgniter\Session\Handlers\FileHandler' driver.
INFO - 2024-10-21 12:54:08 --> Session: Class initialized using 'CodeIgniter\Session\Handlers\FileHandler' driver.
INFO - 2024-10-21 13:54:32 --> Session: Class initialized using 'CodeIgniter\Session\Handlers\FileHandler' driver.
ERROR - 2024-10-21 13:54:37 --> Error connecting to the database: mysqli_sql_exception: No connection could be made because the target machine actively refused it in C:\laragon\www\AttendanceMS\system\Database\MySQLi\Connection.php:187
Stack trace:
#0 C:\laragon\www\AttendanceMS\system\Database\MySQLi\Connection.php(187): mysqli->real_connect('localhost', 'root', '', 'ams', 3306, '', 0)
#1 C:\laragon\www\AttendanceMS\system\Database\BaseConnection.php(421): CodeIgniter\Database\MySQLi\Connection->connect(false)
#2 C:\laragon\www\AttendanceMS\system\Database\BaseConnection.php(616): CodeIgniter\Database\BaseConnection->initialize()
#3 C:\laragon\www\AttendanceMS\system\Database\BaseBuilder.php(1644): CodeIgniter\Database\BaseConnection->query('SELECT *\nFROM `...', Array, false)
#4 C:\laragon\www\AttendanceMS\system\Model.php(330): CodeIgniter\Database\BaseBuilder->get()
#5 C:\laragon\www\AttendanceMS\system\BaseModel.php(714): CodeIgniter\Model->doFirst()
#6 C:\laragon\www\AttendanceMS\app\Controllers\ApiController.php(39): CodeIgniter\BaseModel->first()
#7 C:\laragon\www\AttendanceMS\system\CodeIgniter.php(933): App\Controllers\ApiController->login()
#8 C:\laragon\www\AttendanceMS\system\CodeIgniter.php(509): CodeIgniter\CodeIgniter->runController(Object(App\Controllers\ApiController))
#9 C:\laragon\www\AttendanceMS\system\CodeIgniter.php(355): CodeIgniter\CodeIgniter->handleRequest(NULL, Object(Config\Cache), false)
#10 C:\laragon\www\AttendanceMS\system\Boot.php(325): CodeIgniter\CodeIgniter->run()
#11 C:\laragon\www\AttendanceMS\system\Boot.php(67): CodeIgniter\Boot::runCodeIgniter(Object(CodeIgniter\CodeIgniter))
#12 C:\laragon\www\AttendanceMS\public\index.php(56): CodeIgniter\Boot::bootWeb(Object(Config\Paths))
#13 C:\laragon\www\AttendanceMS\system\rewrite.php(44): require_once('C:\\laragon\\www\\...')
#14 {main}

Next CodeIgniter\Database\Exceptions\DatabaseException: No connection could be made because the target machine actively refused it in C:\laragon\www\AttendanceMS\system\Database\MySQLi\Connection.php:231
Stack trace:
#0 C:\laragon\www\AttendanceMS\system\Database\BaseConnection.php(421): CodeIgniter\Database\MySQLi\Connection->connect(false)
#1 C:\laragon\www\AttendanceMS\system\Database\BaseConnection.php(616): CodeIgniter\Database\BaseConnection->initialize()
#2 C:\laragon\www\AttendanceMS\system\Database\BaseBuilder.php(1644): CodeIgniter\Database\BaseConnection->query('SELECT *\nFROM `...', Array, false)
#3 C:\laragon\www\AttendanceMS\system\Model.php(330): CodeIgniter\Database\BaseBuilder->get()
#4 C:\laragon\www\AttendanceMS\system\BaseModel.php(714): CodeIgniter\Model->doFirst()
#5 C:\laragon\www\AttendanceMS\app\Controllers\ApiController.php(39): CodeIgniter\BaseModel->first()
#6 C:\laragon\www\AttendanceMS\system\CodeIgniter.php(933): App\Controllers\ApiController->login()
#7 C:\laragon\www\AttendanceMS\system\CodeIgniter.php(509): CodeIgniter\CodeIgniter->runController(Object(App\Controllers\ApiController))
#8 C:\laragon\www\AttendanceMS\system\CodeIgniter.php(355): CodeIgniter\CodeIgniter->handleRequest(NULL, Object(Config\Cache), false)
#9 C:\laragon\www\AttendanceMS\system\Boot.php(325): CodeIgniter\CodeIgniter->run()
#10 C:\laragon\www\AttendanceMS\system\Boot.php(67): CodeIgniter\Boot::runCodeIgniter(Object(CodeIgniter\CodeIgniter))
#11 C:\laragon\www\AttendanceMS\public\index.php(56): CodeIgniter\Boot::bootWeb(Object(Config\Paths))
#12 C:\laragon\www\AttendanceMS\system\rewrite.php(44): require_once('C:\\laragon\\www\\...')
#13 {main}
CRITICAL - 2024-10-21 13:54:37 --> CodeIgniter\Database\Exceptions\DatabaseException: Unable to connect to the database.
Main connection [MySQLi]: No connection could be made because the target machine actively refused it
[Method: POST, Route: api/login]
in SYSTEMPATH\Database\BaseConnection.php on line 467.
 1 SYSTEMPATH\Database\BaseConnection.php(616): CodeIgniter\Database\BaseConnection->initialize()
 2 SYSTEMPATH\Database\BaseBuilder.php(1644): CodeIgniter\Database\BaseConnection->query('SELECT *
FROM `tb_login`
WHERE `email` = :email:
 LIMIT 1', [...], false)
 3 SYSTEMPATH\Model.php(330): CodeIgniter\Database\BaseBuilder->get()
 4 SYSTEMPATH\BaseModel.php(714): CodeIgniter\Model->doFirst()
 5 APPPATH\Controllers\ApiController.php(39): CodeIgniter\BaseModel->first()
 6 SYSTEMPATH\CodeIgniter.php(933): App\Controllers\ApiController->login()
 7 SYSTEMPATH\CodeIgniter.php(509): CodeIgniter\CodeIgniter->runController(Object(App\Controllers\ApiController))
 8 SYSTEMPATH\CodeIgniter.php(355): CodeIgniter\CodeIgniter->handleRequest(null, Object(Config\Cache), false)
 9 SYSTEMPATH\Boot.php(325): CodeIgniter\CodeIgniter->run()
10 SYSTEMPATH\Boot.php(67): CodeIgniter\Boot::runCodeIgniter(Object(CodeIgniter\CodeIgniter))
11 FCPATH\index.php(56): CodeIgniter\Boot::bootWeb(Object(Config\Paths))
12 SYSTEMPATH\rewrite.php(44): require_once('C:\\laragon\\www\\AttendanceMS\\public\\index.php')
INFO - 2024-10-21 13:54:46 --> Session: Class initialized using 'CodeIgniter\Session\Handlers\FileHandler' driver.
ERROR - 2024-10-21 13:54:50 --> Error connecting to the database: mysqli_sql_exception: No connection could be made because the target machine actively refused it in C:\laragon\www\AttendanceMS\system\Database\MySQLi\Connection.php:187
Stack trace:
#0 C:\laragon\www\AttendanceMS\system\Database\MySQLi\Connection.php(187): mysqli->real_connect('localhost', 'root', '', 'ams', 3306, '', 0)
#1 C:\laragon\www\AttendanceMS\system\Database\BaseConnection.php(421): CodeIgniter\Database\MySQLi\Connection->connect(false)
#2 C:\laragon\www\AttendanceMS\system\Database\BaseConnection.php(616): CodeIgniter\Database\BaseConnection->initialize()
#3 C:\laragon\www\AttendanceMS\system\Database\BaseBuilder.php(1644): CodeIgniter\Database\BaseConnection->query('SELECT *\nFROM `...', Array, false)
#4 C:\laragon\www\AttendanceMS\system\Model.php(330): CodeIgniter\Database\BaseBuilder->get()
#5 C:\laragon\www\AttendanceMS\system\BaseModel.php(714): CodeIgniter\Model->doFirst()
#6 C:\laragon\www\AttendanceMS\app\Controllers\ApiController.php(39): CodeIgniter\BaseModel->first()
#7 C:\laragon\www\AttendanceMS\system\CodeIgniter.php(933): App\Controllers\ApiController->login()
#8 C:\laragon\www\AttendanceMS\system\CodeIgniter.php(509): CodeIgniter\CodeIgniter->runController(Object(App\Controllers\ApiController))
#9 C:\laragon\www\AttendanceMS\system\CodeIgniter.php(355): CodeIgniter\CodeIgniter->handleRequest(NULL, Object(Config\Cache), false)
#10 C:\laragon\www\AttendanceMS\system\Boot.php(325): CodeIgniter\CodeIgniter->run()
#11 C:\laragon\www\AttendanceMS\system\Boot.php(67): CodeIgniter\Boot::runCodeIgniter(Object(CodeIgniter\CodeIgniter))
#12 C:\laragon\www\AttendanceMS\public\index.php(56): CodeIgniter\Boot::bootWeb(Object(Config\Paths))
#13 C:\laragon\www\AttendanceMS\system\rewrite.php(44): require_once('C:\\laragon\\www\\...')
#14 {main}

Next CodeIgniter\Database\Exceptions\DatabaseException: No connection could be made because the target machine actively refused it in C:\laragon\www\AttendanceMS\system\Database\MySQLi\Connection.php:231
Stack trace:
#0 C:\laragon\www\AttendanceMS\system\Database\BaseConnection.php(421): CodeIgniter\Database\MySQLi\Connection->connect(false)
#1 C:\laragon\www\AttendanceMS\system\Database\BaseConnection.php(616): CodeIgniter\Database\BaseConnection->initialize()
#2 C:\laragon\www\AttendanceMS\system\Database\BaseBuilder.php(1644): CodeIgniter\Database\BaseConnection->query('SELECT *\nFROM `...', Array, false)
#3 C:\laragon\www\AttendanceMS\system\Model.php(330): CodeIgniter\Database\BaseBuilder->get()
#4 C:\laragon\www\AttendanceMS\system\BaseModel.php(714): CodeIgniter\Model->doFirst()
#5 C:\laragon\www\AttendanceMS\app\Controllers\ApiController.php(39): CodeIgniter\BaseModel->first()
#6 C:\laragon\www\AttendanceMS\system\CodeIgniter.php(933): App\Controllers\ApiController->login()
#7 C:\laragon\www\AttendanceMS\system\CodeIgniter.php(509): CodeIgniter\CodeIgniter->runController(Object(App\Controllers\ApiController))
#8 C:\laragon\www\AttendanceMS\system\CodeIgniter.php(355): CodeIgniter\CodeIgniter->handleRequest(NULL, Object(Config\Cache), false)
#9 C:\laragon\www\AttendanceMS\system\Boot.php(325): CodeIgniter\CodeIgniter->run()
#10 C:\laragon\www\AttendanceMS\system\Boot.php(67): CodeIgniter\Boot::runCodeIgniter(Object(CodeIgniter\CodeIgniter))
#11 C:\laragon\www\AttendanceMS\public\index.php(56): CodeIgniter\Boot::bootWeb(Object(Config\Paths))
#12 C:\laragon\www\AttendanceMS\system\rewrite.php(44): require_once('C:\\laragon\\www\\...')
#13 {main}
CRITICAL - 2024-10-21 13:54:50 --> CodeIgniter\Database\Exceptions\DatabaseException: Unable to connect to the database.
Main connection [MySQLi]: No connection could be made because the target machine actively refused it
[Method: POST, Route: api/login]
in SYSTEMPATH\Database\BaseConnection.php on line 467.
 1 SYSTEMPATH\Database\BaseConnection.php(616): CodeIgniter\Database\BaseConnection->initialize()
 2 SYSTEMPATH\Database\BaseBuilder.php(1644): CodeIgniter\Database\BaseConnection->query('SELECT *
FROM `tb_login`
WHERE `email` = :email:
 LIMIT 1', [...], false)
 3 SYSTEMPATH\Model.php(330): CodeIgniter\Database\BaseBuilder->get()
 4 SYSTEMPATH\BaseModel.php(714): CodeIgniter\Model->doFirst()
 5 APPPATH\Controllers\ApiController.php(39): CodeIgniter\BaseModel->first()
 6 SYSTEMPATH\CodeIgniter.php(933): App\Controllers\ApiController->login()
 7 SYSTEMPATH\CodeIgniter.php(509): CodeIgniter\CodeIgniter->runController(Object(App\Controllers\ApiController))
 8 SYSTEMPATH\CodeIgniter.php(355): CodeIgniter\CodeIgniter->handleRequest(null, Object(Config\Cache), false)
 9 SYSTEMPATH\Boot.php(325): CodeIgniter\CodeIgniter->run()
10 SYSTEMPATH\Boot.php(67): CodeIgniter\Boot::runCodeIgniter(Object(CodeIgniter\CodeIgniter))
11 FCPATH\index.php(56): CodeIgniter\Boot::bootWeb(Object(Config\Paths))
12 SYSTEMPATH\rewrite.php(44): require_once('C:\\laragon\\www\\AttendanceMS\\public\\index.php')
INFO - 2024-10-21 13:54:50 --> Session: Class initialized using 'CodeIgniter\Session\Handlers\FileHandler' driver.
ERROR - 2024-10-21 13:54:54 --> Error connecting to the database: mysqli_sql_exception: No connection could be made because the target machine actively refused it in C:\laragon\www\AttendanceMS\system\Database\MySQLi\Connection.php:187
Stack trace:
#0 C:\laragon\www\AttendanceMS\system\Database\MySQLi\Connection.php(187): mysqli->real_connect('localhost', 'root', '', 'ams', 3306, '', 0)
#1 C:\laragon\www\AttendanceMS\system\Database\BaseConnection.php(421): CodeIgniter\Database\MySQLi\Connection->connect(false)
#2 C:\laragon\www\AttendanceMS\system\Database\BaseConnection.php(616): CodeIgniter\Database\BaseConnection->initialize()
#3 C:\laragon\www\AttendanceMS\system\Database\BaseBuilder.php(1644): CodeIgniter\Database\BaseConnection->query('SELECT *\nFROM `...', Array, false)
#4 C:\laragon\www\AttendanceMS\system\Model.php(330): CodeIgniter\Database\BaseBuilder->get()
#5 C:\laragon\www\AttendanceMS\system\BaseModel.php(714): CodeIgniter\Model->doFirst()
#6 C:\laragon\www\AttendanceMS\app\Controllers\ApiController.php(39): CodeIgniter\BaseModel->first()
#7 C:\laragon\www\AttendanceMS\system\CodeIgniter.php(933): App\Controllers\ApiController->login()
#8 C:\laragon\www\AttendanceMS\system\CodeIgniter.php(509): CodeIgniter\CodeIgniter->runController(Object(App\Controllers\ApiController))
#9 C:\laragon\www\AttendanceMS\system\CodeIgniter.php(355): CodeIgniter\CodeIgniter->handleRequest(NULL, Object(Config\Cache), false)
#10 C:\laragon\www\AttendanceMS\system\Boot.php(325): CodeIgniter\CodeIgniter->run()
#11 C:\laragon\www\AttendanceMS\system\Boot.php(67): CodeIgniter\Boot::runCodeIgniter(Object(CodeIgniter\CodeIgniter))
#12 C:\laragon\www\AttendanceMS\public\index.php(56): CodeIgniter\Boot::bootWeb(Object(Config\Paths))
#13 C:\laragon\www\AttendanceMS\system\rewrite.php(44): require_once('C:\\laragon\\www\\...')
#14 {main}

Next CodeIgniter\Database\Exceptions\DatabaseException: No connection could be made because the target machine actively refused it in C:\laragon\www\AttendanceMS\system\Database\MySQLi\Connection.php:231
Stack trace:
#0 C:\laragon\www\AttendanceMS\system\Database\BaseConnection.php(421): CodeIgniter\Database\MySQLi\Connection->connect(false)
#1 C:\laragon\www\AttendanceMS\system\Database\BaseConnection.php(616): CodeIgniter\Database\BaseConnection->initialize()
#2 C:\laragon\www\AttendanceMS\system\Database\BaseBuilder.php(1644): CodeIgniter\Database\BaseConnection->query('SELECT *\nFROM `...', Array, false)
#3 C:\laragon\www\AttendanceMS\system\Model.php(330): CodeIgniter\Database\BaseBuilder->get()
#4 C:\laragon\www\AttendanceMS\system\BaseModel.php(714): CodeIgniter\Model->doFirst()
#5 C:\laragon\www\AttendanceMS\app\Controllers\ApiController.php(39): CodeIgniter\BaseModel->first()
#6 C:\laragon\www\AttendanceMS\system\CodeIgniter.php(933): App\Controllers\ApiController->login()
#7 C:\laragon\www\AttendanceMS\system\CodeIgniter.php(509): CodeIgniter\CodeIgniter->runController(Object(App\Controllers\ApiController))
#8 C:\laragon\www\AttendanceMS\system\CodeIgniter.php(355): CodeIgniter\CodeIgniter->handleRequest(NULL, Object(Config\Cache), false)
#9 C:\laragon\www\AttendanceMS\system\Boot.php(325): CodeIgniter\CodeIgniter->run()
#10 C:\laragon\www\AttendanceMS\system\Boot.php(67): CodeIgniter\Boot::runCodeIgniter(Object(CodeIgniter\CodeIgniter))
#11 C:\laragon\www\AttendanceMS\public\index.php(56): CodeIgniter\Boot::bootWeb(Object(Config\Paths))
#12 C:\laragon\www\AttendanceMS\system\rewrite.php(44): require_once('C:\\laragon\\www\\...')
#13 {main}
CRITICAL - 2024-10-21 13:54:54 --> CodeIgniter\Database\Exceptions\DatabaseException: Unable to connect to the database.
Main connection [MySQLi]: No connection could be made because the target machine actively refused it
[Method: POST, Route: api/login]
in SYSTEMPATH\Database\BaseConnection.php on line 467.
 1 SYSTEMPATH\Database\BaseConnection.php(616): CodeIgniter\Database\BaseConnection->initialize()
 2 SYSTEMPATH\Database\BaseBuilder.php(1644): CodeIgniter\Database\BaseConnection->query('SELECT *
FROM `tb_login`
WHERE `email` = :email:
 LIMIT 1', [...], false)
 3 SYSTEMPATH\Model.php(330): CodeIgniter\Database\BaseBuilder->get()
 4 SYSTEMPATH\BaseModel.php(714): CodeIgniter\Model->doFirst()
 5 APPPATH\Controllers\ApiController.php(39): CodeIgniter\BaseModel->first()
 6 SYSTEMPATH\CodeIgniter.php(933): App\Controllers\ApiController->login()
 7 SYSTEMPATH\CodeIgniter.php(509): CodeIgniter\CodeIgniter->runController(Object(App\Controllers\ApiController))
 8 SYSTEMPATH\CodeIgniter.php(355): CodeIgniter\CodeIgniter->handleRequest(null, Object(Config\Cache), false)
 9 SYSTEMPATH\Boot.php(325): CodeIgniter\CodeIgniter->run()
10 SYSTEMPATH\Boot.php(67): CodeIgniter\Boot::runCodeIgniter(Object(CodeIgniter\CodeIgniter))
11 FCPATH\index.php(56): CodeIgniter\Boot::bootWeb(Object(Config\Paths))
12 SYSTEMPATH\rewrite.php(44): require_once('C:\\laragon\\www\\AttendanceMS\\public\\index.php')
INFO - 2024-10-21 13:54:55 --> Session: Class initialized using 'CodeIgniter\Session\Handlers\FileHandler' driver.
ERROR - 2024-10-21 13:54:59 --> Error connecting to the database: mysqli_sql_exception: No connection could be made because the target machine actively refused it in C:\laragon\www\AttendanceMS\system\Database\MySQLi\Connection.php:187
Stack trace:
#0 C:\laragon\www\AttendanceMS\system\Database\MySQLi\Connection.php(187): mysqli->real_connect('localhost', 'root', '', 'ams', 3306, '', 0)
#1 C:\laragon\www\AttendanceMS\system\Database\BaseConnection.php(421): CodeIgniter\Database\MySQLi\Connection->connect(false)
#2 C:\laragon\www\AttendanceMS\system\Database\BaseConnection.php(616): CodeIgniter\Database\BaseConnection->initialize()
#3 C:\laragon\www\AttendanceMS\system\Database\BaseBuilder.php(1644): CodeIgniter\Database\BaseConnection->query('SELECT *\nFROM `...', Array, false)
#4 C:\laragon\www\AttendanceMS\system\Model.php(330): CodeIgniter\Database\BaseBuilder->get()
#5 C:\laragon\www\AttendanceMS\system\BaseModel.php(714): CodeIgniter\Model->doFirst()
#6 C:\laragon\www\AttendanceMS\app\Controllers\ApiController.php(39): CodeIgniter\BaseModel->first()
#7 C:\laragon\www\AttendanceMS\system\CodeIgniter.php(933): App\Controllers\ApiController->login()
#8 C:\laragon\www\AttendanceMS\system\CodeIgniter.php(509): CodeIgniter\CodeIgniter->runController(Object(App\Controllers\ApiController))
#9 C:\laragon\www\AttendanceMS\system\CodeIgniter.php(355): CodeIgniter\CodeIgniter->handleRequest(NULL, Object(Config\Cache), false)
#10 C:\laragon\www\AttendanceMS\system\Boot.php(325): CodeIgniter\CodeIgniter->run()
#11 C:\laragon\www\AttendanceMS\system\Boot.php(67): CodeIgniter\Boot::runCodeIgniter(Object(CodeIgniter\CodeIgniter))
#12 C:\laragon\www\AttendanceMS\public\index.php(56): CodeIgniter\Boot::bootWeb(Object(Config\Paths))
#13 C:\laragon\www\AttendanceMS\system\rewrite.php(44): require_once('C:\\laragon\\www\\...')
#14 {main}

Next CodeIgniter\Database\Exceptions\DatabaseException: No connection could be made because the target machine actively refused it in C:\laragon\www\AttendanceMS\system\Database\MySQLi\Connection.php:231
Stack trace:
#0 C:\laragon\www\AttendanceMS\system\Database\BaseConnection.php(421): CodeIgniter\Database\MySQLi\Connection->connect(false)
#1 C:\laragon\www\AttendanceMS\system\Database\BaseConnection.php(616): CodeIgniter\Database\BaseConnection->initialize()
#2 C:\laragon\www\AttendanceMS\system\Database\BaseBuilder.php(1644): CodeIgniter\Database\BaseConnection->query('SELECT *\nFROM `...', Array, false)
#3 C:\laragon\www\AttendanceMS\system\Model.php(330): CodeIgniter\Database\BaseBuilder->get()
#4 C:\laragon\www\AttendanceMS\system\BaseModel.php(714): CodeIgniter\Model->doFirst()
#5 C:\laragon\www\AttendanceMS\app\Controllers\ApiController.php(39): CodeIgniter\BaseModel->first()
#6 C:\laragon\www\AttendanceMS\system\CodeIgniter.php(933): App\Controllers\ApiController->login()
#7 C:\laragon\www\AttendanceMS\system\CodeIgniter.php(509): CodeIgniter\CodeIgniter->runController(Object(App\Controllers\ApiController))
#8 C:\laragon\www\AttendanceMS\system\CodeIgniter.php(355): CodeIgniter\CodeIgniter->handleRequest(NULL, Object(Config\Cache), false)
#9 C:\laragon\www\AttendanceMS\system\Boot.php(325): CodeIgniter\CodeIgniter->run()
#10 C:\laragon\www\AttendanceMS\system\Boot.php(67): CodeIgniter\Boot::runCodeIgniter(Object(CodeIgniter\CodeIgniter))
#11 C:\laragon\www\AttendanceMS\public\index.php(56): CodeIgniter\Boot::bootWeb(Object(Config\Paths))
#12 C:\laragon\www\AttendanceMS\system\rewrite.php(44): require_once('C:\\laragon\\www\\...')
#13 {main}
CRITICAL - 2024-10-21 13:54:59 --> CodeIgniter\Database\Exceptions\DatabaseException: Unable to connect to the database.
Main connection [MySQLi]: No connection could be made because the target machine actively refused it
[Method: POST, Route: api/login]
in SYSTEMPATH\Database\BaseConnection.php on line 467.
 1 SYSTEMPATH\Database\BaseConnection.php(616): CodeIgniter\Database\BaseConnection->initialize()
 2 SYSTEMPATH\Database\BaseBuilder.php(1644): CodeIgniter\Database\BaseConnection->query('SELECT *
FROM `tb_login`
WHERE `email` = :email:
 LIMIT 1', [...], false)
 3 SYSTEMPATH\Model.php(330): CodeIgniter\Database\BaseBuilder->get()
 4 SYSTEMPATH\BaseModel.php(714): CodeIgniter\Model->doFirst()
 5 APPPATH\Controllers\ApiController.php(39): CodeIgniter\BaseModel->first()
 6 SYSTEMPATH\CodeIgniter.php(933): App\Controllers\ApiController->login()
 7 SYSTEMPATH\CodeIgniter.php(509): CodeIgniter\CodeIgniter->runController(Object(App\Controllers\ApiController))
 8 SYSTEMPATH\CodeIgniter.php(355): CodeIgniter\CodeIgniter->handleRequest(null, Object(Config\Cache), false)
 9 SYSTEMPATH\Boot.php(325): CodeIgniter\CodeIgniter->run()
10 SYSTEMPATH\Boot.php(67): CodeIgniter\Boot::runCodeIgniter(Object(CodeIgniter\CodeIgniter))
11 FCPATH\index.php(56): CodeIgniter\Boot::bootWeb(Object(Config\Paths))
12 SYSTEMPATH\rewrite.php(44): require_once('C:\\laragon\\www\\AttendanceMS\\public\\index.php')
INFO - 2024-10-21 13:54:59 --> Session: Class initialized using 'CodeIgniter\Session\Handlers\FileHandler' driver.
ERROR - 2024-10-21 13:55:03 --> Error connecting to the database: mysqli_sql_exception: No connection could be made because the target machine actively refused it in C:\laragon\www\AttendanceMS\system\Database\MySQLi\Connection.php:187
Stack trace:
#0 C:\laragon\www\AttendanceMS\system\Database\MySQLi\Connection.php(187): mysqli->real_connect('localhost', 'root', '', 'ams', 3306, '', 0)
#1 C:\laragon\www\AttendanceMS\system\Database\BaseConnection.php(421): CodeIgniter\Database\MySQLi\Connection->connect(false)
#2 C:\laragon\www\AttendanceMS\system\Database\BaseConnection.php(616): CodeIgniter\Database\BaseConnection->initialize()
#3 C:\laragon\www\AttendanceMS\system\Database\BaseBuilder.php(1644): CodeIgniter\Database\BaseConnection->query('SELECT *\nFROM `...', Array, false)
#4 C:\laragon\www\AttendanceMS\system\Model.php(330): CodeIgniter\Database\BaseBuilder->get()
#5 C:\laragon\www\AttendanceMS\system\BaseModel.php(714): CodeIgniter\Model->doFirst()
#6 C:\laragon\www\AttendanceMS\app\Controllers\ApiController.php(39): CodeIgniter\BaseModel->first()
#7 C:\laragon\www\AttendanceMS\system\CodeIgniter.php(933): App\Controllers\ApiController->login()
#8 C:\laragon\www\AttendanceMS\system\CodeIgniter.php(509): CodeIgniter\CodeIgniter->runController(Object(App\Controllers\ApiController))
#9 C:\laragon\www\AttendanceMS\system\CodeIgniter.php(355): CodeIgniter\CodeIgniter->handleRequest(NULL, Object(Config\Cache), false)
#10 C:\laragon\www\AttendanceMS\system\Boot.php(325): CodeIgniter\CodeIgniter->run()
#11 C:\laragon\www\AttendanceMS\system\Boot.php(67): CodeIgniter\Boot::runCodeIgniter(Object(CodeIgniter\CodeIgniter))
#12 C:\laragon\www\AttendanceMS\public\index.php(56): CodeIgniter\Boot::bootWeb(Object(Config\Paths))
#13 C:\laragon\www\AttendanceMS\system\rewrite.php(44): require_once('C:\\laragon\\www\\...')
#14 {main}

Next CodeIgniter\Database\Exceptions\DatabaseException: No connection could be made because the target machine actively refused it in C:\laragon\www\AttendanceMS\system\Database\MySQLi\Connection.php:231
Stack trace:
#0 C:\laragon\www\AttendanceMS\system\Database\BaseConnection.php(421): CodeIgniter\Database\MySQLi\Connection->connect(false)
#1 C:\laragon\www\AttendanceMS\system\Database\BaseConnection.php(616): CodeIgniter\Database\BaseConnection->initialize()
#2 C:\laragon\www\AttendanceMS\system\Database\BaseBuilder.php(1644): CodeIgniter\Database\BaseConnection->query('SELECT *\nFROM `...', Array, false)
#3 C:\laragon\www\AttendanceMS\system\Model.php(330): CodeIgniter\Database\BaseBuilder->get()
#4 C:\laragon\www\AttendanceMS\system\BaseModel.php(714): CodeIgniter\Model->doFirst()
#5 C:\laragon\www\AttendanceMS\app\Controllers\ApiController.php(39): CodeIgniter\BaseModel->first()
#6 C:\laragon\www\AttendanceMS\system\CodeIgniter.php(933): App\Controllers\ApiController->login()
#7 C:\laragon\www\AttendanceMS\system\CodeIgniter.php(509): CodeIgniter\CodeIgniter->runController(Object(App\Controllers\ApiController))
#8 C:\laragon\www\AttendanceMS\system\CodeIgniter.php(355): CodeIgniter\CodeIgniter->handleRequest(NULL, Object(Config\Cache), false)
#9 C:\laragon\www\AttendanceMS\system\Boot.php(325): CodeIgniter\CodeIgniter->run()
#10 C:\laragon\www\AttendanceMS\system\Boot.php(67): CodeIgniter\Boot::runCodeIgniter(Object(CodeIgniter\CodeIgniter))
#11 C:\laragon\www\AttendanceMS\public\index.php(56): CodeIgniter\Boot::bootWeb(Object(Config\Paths))
#12 C:\laragon\www\AttendanceMS\system\rewrite.php(44): require_once('C:\\laragon\\www\\...')
#13 {main}
CRITICAL - 2024-10-21 13:55:03 --> CodeIgniter\Database\Exceptions\DatabaseException: Unable to connect to the database.
Main connection [MySQLi]: No connection could be made because the target machine actively refused it
[Method: POST, Route: api/login]
in SYSTEMPATH\Database\BaseConnection.php on line 467.
 1 SYSTEMPATH\Database\BaseConnection.php(616): CodeIgniter\Database\BaseConnection->initialize()
 2 SYSTEMPATH\Database\BaseBuilder.php(1644): CodeIgniter\Database\BaseConnection->query('SELECT *
FROM `tb_login`
WHERE `email` = :email:
 LIMIT 1', [...], false)
 3 SYSTEMPATH\Model.php(330): CodeIgniter\Database\BaseBuilder->get()
 4 SYSTEMPATH\BaseModel.php(714): CodeIgniter\Model->doFirst()
 5 APPPATH\Controllers\ApiController.php(39): CodeIgniter\BaseModel->first()
 6 SYSTEMPATH\CodeIgniter.php(933): App\Controllers\ApiController->login()
 7 SYSTEMPATH\CodeIgniter.php(509): CodeIgniter\CodeIgniter->runController(Object(App\Controllers\ApiController))
 8 SYSTEMPATH\CodeIgniter.php(355): CodeIgniter\CodeIgniter->handleRequest(null, Object(Config\Cache), false)
 9 SYSTEMPATH\Boot.php(325): CodeIgniter\CodeIgniter->run()
10 SYSTEMPATH\Boot.php(67): CodeIgniter\Boot::runCodeIgniter(Object(CodeIgniter\CodeIgniter))
11 FCPATH\index.php(56): CodeIgniter\Boot::bootWeb(Object(Config\Paths))
12 SYSTEMPATH\rewrite.php(44): require_once('C:\\laragon\\www\\AttendanceMS\\public\\index.php')
INFO - 2024-10-21 13:56:26 --> Session: Class initialized using 'CodeIgniter\Session\Handlers\FileHandler' driver.
ERROR - 2024-10-21 13:56:31 --> Error connecting to the database: mysqli_sql_exception: No connection could be made because the target machine actively refused it in C:\laragon\www\AttendanceMS\system\Database\MySQLi\Connection.php:187
Stack trace:
#0 C:\laragon\www\AttendanceMS\system\Database\MySQLi\Connection.php(187): mysqli->real_connect('localhost', 'root', '', 'ams', 3306, '', 0)
#1 C:\laragon\www\AttendanceMS\system\Database\BaseConnection.php(421): CodeIgniter\Database\MySQLi\Connection->connect(false)
#2 C:\laragon\www\AttendanceMS\system\Database\BaseConnection.php(616): CodeIgniter\Database\BaseConnection->initialize()
#3 C:\laragon\www\AttendanceMS\system\Database\BaseBuilder.php(1644): CodeIgniter\Database\BaseConnection->query('SELECT *\nFROM `...', Array, false)
#4 C:\laragon\www\AttendanceMS\system\Model.php(330): CodeIgniter\Database\BaseBuilder->get()
#5 C:\laragon\www\AttendanceMS\system\BaseModel.php(714): CodeIgniter\Model->doFirst()
#6 C:\laragon\www\AttendanceMS\app\Controllers\ApiController.php(39): CodeIgniter\BaseModel->first()
#7 C:\laragon\www\AttendanceMS\system\CodeIgniter.php(933): App\Controllers\ApiController->login()
#8 C:\laragon\www\AttendanceMS\system\CodeIgniter.php(509): CodeIgniter\CodeIgniter->runController(Object(App\Controllers\ApiController))
#9 C:\laragon\www\AttendanceMS\system\CodeIgniter.php(355): CodeIgniter\CodeIgniter->handleRequest(NULL, Object(Config\Cache), false)
#10 C:\laragon\www\AttendanceMS\system\Boot.php(325): CodeIgniter\CodeIgniter->run()
#11 C:\laragon\www\AttendanceMS\system\Boot.php(67): CodeIgniter\Boot::runCodeIgniter(Object(CodeIgniter\CodeIgniter))
#12 C:\laragon\www\AttendanceMS\public\index.php(56): CodeIgniter\Boot::bootWeb(Object(Config\Paths))
#13 C:\laragon\www\AttendanceMS\system\rewrite.php(44): require_once('C:\\laragon\\www\\...')
#14 {main}

Next CodeIgniter\Database\Exceptions\DatabaseException: No connection could be made because the target machine actively refused it in C:\laragon\www\AttendanceMS\system\Database\MySQLi\Connection.php:231
Stack trace:
#0 C:\laragon\www\AttendanceMS\system\Database\BaseConnection.php(421): CodeIgniter\Database\MySQLi\Connection->connect(false)
#1 C:\laragon\www\AttendanceMS\system\Database\BaseConnection.php(616): CodeIgniter\Database\BaseConnection->initialize()
#2 C:\laragon\www\AttendanceMS\system\Database\BaseBuilder.php(1644): CodeIgniter\Database\BaseConnection->query('SELECT *\nFROM `...', Array, false)
#3 C:\laragon\www\AttendanceMS\system\Model.php(330): CodeIgniter\Database\BaseBuilder->get()
#4 C:\laragon\www\AttendanceMS\system\BaseModel.php(714): CodeIgniter\Model->doFirst()
#5 C:\laragon\www\AttendanceMS\app\Controllers\ApiController.php(39): CodeIgniter\BaseModel->first()
#6 C:\laragon\www\AttendanceMS\system\CodeIgniter.php(933): App\Controllers\ApiController->login()
#7 C:\laragon\www\AttendanceMS\system\CodeIgniter.php(509): CodeIgniter\CodeIgniter->runController(Object(App\Controllers\ApiController))
#8 C:\laragon\www\AttendanceMS\system\CodeIgniter.php(355): CodeIgniter\CodeIgniter->handleRequest(NULL, Object(Config\Cache), false)
#9 C:\laragon\www\AttendanceMS\system\Boot.php(325): CodeIgniter\CodeIgniter->run()
#10 C:\laragon\www\AttendanceMS\system\Boot.php(67): CodeIgniter\Boot::runCodeIgniter(Object(CodeIgniter\CodeIgniter))
#11 C:\laragon\www\AttendanceMS\public\index.php(56): CodeIgniter\Boot::bootWeb(Object(Config\Paths))
#12 C:\laragon\www\AttendanceMS\system\rewrite.php(44): require_once('C:\\laragon\\www\\...')
#13 {main}
CRITICAL - 2024-10-21 13:56:31 --> CodeIgniter\Database\Exceptions\DatabaseException: Unable to connect to the database.
Main connection [MySQLi]: No connection could be made because the target machine actively refused it
[Method: POST, Route: api/login]
in SYSTEMPATH\Database\BaseConnection.php on line 467.
 1 SYSTEMPATH\Database\BaseConnection.php(616): CodeIgniter\Database\BaseConnection->initialize()
 2 SYSTEMPATH\Database\BaseBuilder.php(1644): CodeIgniter\Database\BaseConnection->query('SELECT *
FROM `tb_login`
WHERE `email` = :email:
 LIMIT 1', [...], false)
 3 SYSTEMPATH\Model.php(330): CodeIgniter\Database\BaseBuilder->get()
 4 SYSTEMPATH\BaseModel.php(714): CodeIgniter\Model->doFirst()
 5 APPPATH\Controllers\ApiController.php(39): CodeIgniter\BaseModel->first()
 6 SYSTEMPATH\CodeIgniter.php(933): App\Controllers\ApiController->login()
 7 SYSTEMPATH\CodeIgniter.php(509): CodeIgniter\CodeIgniter->runController(Object(App\Controllers\ApiController))
 8 SYSTEMPATH\CodeIgniter.php(355): CodeIgniter\CodeIgniter->handleRequest(null, Object(Config\Cache), false)
 9 SYSTEMPATH\Boot.php(325): CodeIgniter\CodeIgniter->run()
10 SYSTEMPATH\Boot.php(67): CodeIgniter\Boot::runCodeIgniter(Object(CodeIgniter\CodeIgniter))
11 FCPATH\index.php(56): CodeIgniter\Boot::bootWeb(Object(Config\Paths))
12 SYSTEMPATH\rewrite.php(44): require_once('C:\\laragon\\www\\AttendanceMS\\public\\index.php')
INFO - 2024-10-21 13:56:31 --> Session: Class initialized using 'CodeIgniter\Session\Handlers\FileHandler' driver.
ERROR - 2024-10-21 13:56:35 --> Error connecting to the database: mysqli_sql_exception: No connection could be made because the target machine actively refused it in C:\laragon\www\AttendanceMS\system\Database\MySQLi\Connection.php:187
Stack trace:
#0 C:\laragon\www\AttendanceMS\system\Database\MySQLi\Connection.php(187): mysqli->real_connect('localhost', 'root', '', 'ams', 3306, '', 0)
#1 C:\laragon\www\AttendanceMS\system\Database\BaseConnection.php(421): CodeIgniter\Database\MySQLi\Connection->connect(false)
#2 C:\laragon\www\AttendanceMS\system\Database\BaseConnection.php(616): CodeIgniter\Database\BaseConnection->initialize()
#3 C:\laragon\www\AttendanceMS\system\Database\BaseBuilder.php(1644): CodeIgniter\Database\BaseConnection->query('SELECT *\nFROM `...', Array, false)
#4 C:\laragon\www\AttendanceMS\system\Model.php(330): CodeIgniter\Database\BaseBuilder->get()
#5 C:\laragon\www\AttendanceMS\system\BaseModel.php(714): CodeIgniter\Model->doFirst()
#6 C:\laragon\www\AttendanceMS\app\Controllers\ApiController.php(39): CodeIgniter\BaseModel->first()
#7 C:\laragon\www\AttendanceMS\system\CodeIgniter.php(933): App\Controllers\ApiController->login()
#8 C:\laragon\www\AttendanceMS\system\CodeIgniter.php(509): CodeIgniter\CodeIgniter->runController(Object(App\Controllers\ApiController))
#9 C:\laragon\www\AttendanceMS\system\CodeIgniter.php(355): CodeIgniter\CodeIgniter->handleRequest(NULL, Object(Config\Cache), false)
#10 C:\laragon\www\AttendanceMS\system\Boot.php(325): CodeIgniter\CodeIgniter->run()
#11 C:\laragon\www\AttendanceMS\system\Boot.php(67): CodeIgniter\Boot::runCodeIgniter(Object(CodeIgniter\CodeIgniter))
#12 C:\laragon\www\AttendanceMS\public\index.php(56): CodeIgniter\Boot::bootWeb(Object(Config\Paths))
#13 C:\laragon\www\AttendanceMS\system\rewrite.php(44): require_once('C:\\laragon\\www\\...')
#14 {main}

Next CodeIgniter\Database\Exceptions\DatabaseException: No connection could be made because the target machine actively refused it in C:\laragon\www\AttendanceMS\system\Database\MySQLi\Connection.php:231
Stack trace:
#0 C:\laragon\www\AttendanceMS\system\Database\BaseConnection.php(421): CodeIgniter\Database\MySQLi\Connection->connect(false)
#1 C:\laragon\www\AttendanceMS\system\Database\BaseConnection.php(616): CodeIgniter\Database\BaseConnection->initialize()
#2 C:\laragon\www\AttendanceMS\system\Database\BaseBuilder.php(1644): CodeIgniter\Database\BaseConnection->query('SELECT *\nFROM `...', Array, false)
#3 C:\laragon\www\AttendanceMS\system\Model.php(330): CodeIgniter\Database\BaseBuilder->get()
#4 C:\laragon\www\AttendanceMS\system\BaseModel.php(714): CodeIgniter\Model->doFirst()
#5 C:\laragon\www\AttendanceMS\app\Controllers\ApiController.php(39): CodeIgniter\BaseModel->first()
#6 C:\laragon\www\AttendanceMS\system\CodeIgniter.php(933): App\Controllers\ApiController->login()
#7 C:\laragon\www\AttendanceMS\system\CodeIgniter.php(509): CodeIgniter\CodeIgniter->runController(Object(App\Controllers\ApiController))
#8 C:\laragon\www\AttendanceMS\system\CodeIgniter.php(355): CodeIgniter\CodeIgniter->handleRequest(NULL, Object(Config\Cache), false)
#9 C:\laragon\www\AttendanceMS\system\Boot.php(325): CodeIgniter\CodeIgniter->run()
#10 C:\laragon\www\AttendanceMS\system\Boot.php(67): CodeIgniter\Boot::runCodeIgniter(Object(CodeIgniter\CodeIgniter))
#11 C:\laragon\www\AttendanceMS\public\index.php(56): CodeIgniter\Boot::bootWeb(Object(Config\Paths))
#12 C:\laragon\www\AttendanceMS\system\rewrite.php(44): require_once('C:\\laragon\\www\\...')
#13 {main}
CRITICAL - 2024-10-21 13:56:35 --> CodeIgniter\Database\Exceptions\DatabaseException: Unable to connect to the database.
Main connection [MySQLi]: No connection could be made because the target machine actively refused it
[Method: POST, Route: api/login]
in SYSTEMPATH\Database\BaseConnection.php on line 467.
 1 SYSTEMPATH\Database\BaseConnection.php(616): CodeIgniter\Database\BaseConnection->initialize()
 2 SYSTEMPATH\Database\BaseBuilder.php(1644): CodeIgniter\Database\BaseConnection->query('SELECT *
FROM `tb_login`
WHERE `email` = :email:
 LIMIT 1', [...], false)
 3 SYSTEMPATH\Model.php(330): CodeIgniter\Database\BaseBuilder->get()
 4 SYSTEMPATH\BaseModel.php(714): CodeIgniter\Model->doFirst()
 5 APPPATH\Controllers\ApiController.php(39): CodeIgniter\BaseModel->first()
 6 SYSTEMPATH\CodeIgniter.php(933): App\Controllers\ApiController->login()
 7 SYSTEMPATH\CodeIgniter.php(509): CodeIgniter\CodeIgniter->runController(Object(App\Controllers\ApiController))
 8 SYSTEMPATH\CodeIgniter.php(355): CodeIgniter\CodeIgniter->handleRequest(null, Object(Config\Cache), false)
 9 SYSTEMPATH\Boot.php(325): CodeIgniter\CodeIgniter->run()
10 SYSTEMPATH\Boot.php(67): CodeIgniter\Boot::runCodeIgniter(Object(CodeIgniter\CodeIgniter))
11 FCPATH\index.php(56): CodeIgniter\Boot::bootWeb(Object(Config\Paths))
12 SYSTEMPATH\rewrite.php(44): require_once('C:\\laragon\\www\\AttendanceMS\\public\\index.php')
INFO - 2024-10-21 13:56:35 --> Session: Class initialized using 'CodeIgniter\Session\Handlers\FileHandler' driver.
ERROR - 2024-10-21 13:56:39 --> Error connecting to the database: mysqli_sql_exception: No connection could be made because the target machine actively refused it in C:\laragon\www\AttendanceMS\system\Database\MySQLi\Connection.php:187
Stack trace:
#0 C:\laragon\www\AttendanceMS\system\Database\MySQLi\Connection.php(187): mysqli->real_connect('localhost', 'root', '', 'ams', 3306, '', 0)
#1 C:\laragon\www\AttendanceMS\system\Database\BaseConnection.php(421): CodeIgniter\Database\MySQLi\Connection->connect(false)
#2 C:\laragon\www\AttendanceMS\system\Database\BaseConnection.php(616): CodeIgniter\Database\BaseConnection->initialize()
#3 C:\laragon\www\AttendanceMS\system\Database\BaseBuilder.php(1644): CodeIgniter\Database\BaseConnection->query('SELECT *\nFROM `...', Array, false)
#4 C:\laragon\www\AttendanceMS\system\Model.php(330): CodeIgniter\Database\BaseBuilder->get()
#5 C:\laragon\www\AttendanceMS\system\BaseModel.php(714): CodeIgniter\Model->doFirst()
#6 C:\laragon\www\AttendanceMS\app\Controllers\ApiController.php(39): CodeIgniter\BaseModel->first()
#7 C:\laragon\www\AttendanceMS\system\CodeIgniter.php(933): App\Controllers\ApiController->login()
#8 C:\laragon\www\AttendanceMS\system\CodeIgniter.php(509): CodeIgniter\CodeIgniter->runController(Object(App\Controllers\ApiController))
#9 C:\laragon\www\AttendanceMS\system\CodeIgniter.php(355): CodeIgniter\CodeIgniter->handleRequest(NULL, Object(Config\Cache), false)
#10 C:\laragon\www\AttendanceMS\system\Boot.php(325): CodeIgniter\CodeIgniter->run()
#11 C:\laragon\www\AttendanceMS\system\Boot.php(67): CodeIgniter\Boot::runCodeIgniter(Object(CodeIgniter\CodeIgniter))
#12 C:\laragon\www\AttendanceMS\public\index.php(56): CodeIgniter\Boot::bootWeb(Object(Config\Paths))
#13 C:\laragon\www\AttendanceMS\system\rewrite.php(44): require_once('C:\\laragon\\www\\...')
#14 {main}

Next CodeIgniter\Database\Exceptions\DatabaseException: No connection could be made because the target machine actively refused it in C:\laragon\www\AttendanceMS\system\Database\MySQLi\Connection.php:231
Stack trace:
#0 C:\laragon\www\AttendanceMS\system\Database\BaseConnection.php(421): CodeIgniter\Database\MySQLi\Connection->connect(false)
#1 C:\laragon\www\AttendanceMS\system\Database\BaseConnection.php(616): CodeIgniter\Database\BaseConnection->initialize()
#2 C:\laragon\www\AttendanceMS\system\Database\BaseBuilder.php(1644): CodeIgniter\Database\BaseConnection->query('SELECT *\nFROM `...', Array, false)
#3 C:\laragon\www\AttendanceMS\system\Model.php(330): CodeIgniter\Database\BaseBuilder->get()
#4 C:\laragon\www\AttendanceMS\system\BaseModel.php(714): CodeIgniter\Model->doFirst()
#5 C:\laragon\www\AttendanceMS\app\Controllers\ApiController.php(39): CodeIgniter\BaseModel->first()
#6 C:\laragon\www\AttendanceMS\system\CodeIgniter.php(933): App\Controllers\ApiController->login()
#7 C:\laragon\www\AttendanceMS\system\CodeIgniter.php(509): CodeIgniter\CodeIgniter->runController(Object(App\Controllers\ApiController))
#8 C:\laragon\www\AttendanceMS\system\CodeIgniter.php(355): CodeIgniter\CodeIgniter->handleRequest(NULL, Object(Config\Cache), false)
#9 C:\laragon\www\AttendanceMS\system\Boot.php(325): CodeIgniter\CodeIgniter->run()
#10 C:\laragon\www\AttendanceMS\system\Boot.php(67): CodeIgniter\Boot::runCodeIgniter(Object(CodeIgniter\CodeIgniter))
#11 C:\laragon\www\AttendanceMS\public\index.php(56): CodeIgniter\Boot::bootWeb(Object(Config\Paths))
#12 C:\laragon\www\AttendanceMS\system\rewrite.php(44): require_once('C:\\laragon\\www\\...')
#13 {main}
CRITICAL - 2024-10-21 13:56:39 --> CodeIgniter\Database\Exceptions\DatabaseException: Unable to connect to the database.
Main connection [MySQLi]: No connection could be made because the target machine actively refused it
[Method: POST, Route: api/login]
in SYSTEMPATH\Database\BaseConnection.php on line 467.
 1 SYSTEMPATH\Database\BaseConnection.php(616): CodeIgniter\Database\BaseConnection->initialize()
 2 SYSTEMPATH\Database\BaseBuilder.php(1644): CodeIgniter\Database\BaseConnection->query('SELECT *
FROM `tb_login`
WHERE `email` = :email:
 LIMIT 1', [...], false)
 3 SYSTEMPATH\Model.php(330): CodeIgniter\Database\BaseBuilder->get()
 4 SYSTEMPATH\BaseModel.php(714): CodeIgniter\Model->doFirst()
 5 APPPATH\Controllers\ApiController.php(39): CodeIgniter\BaseModel->first()
 6 SYSTEMPATH\CodeIgniter.php(933): App\Controllers\ApiController->login()
 7 SYSTEMPATH\CodeIgniter.php(509): CodeIgniter\CodeIgniter->runController(Object(App\Controllers\ApiController))
 8 SYSTEMPATH\CodeIgniter.php(355): CodeIgniter\CodeIgniter->handleRequest(null, Object(Config\Cache), false)
 9 SYSTEMPATH\Boot.php(325): CodeIgniter\CodeIgniter->run()
10 SYSTEMPATH\Boot.php(67): CodeIgniter\Boot::runCodeIgniter(Object(CodeIgniter\CodeIgniter))
11 FCPATH\index.php(56): CodeIgniter\Boot::bootWeb(Object(Config\Paths))
12 SYSTEMPATH\rewrite.php(44): require_once('C:\\laragon\\www\\AttendanceMS\\public\\index.php')
INFO - 2024-10-21 13:56:39 --> Session: Class initialized using 'CodeIgniter\Session\Handlers\FileHandler' driver.
ERROR - 2024-10-21 13:56:43 --> Error connecting to the database: mysqli_sql_exception: No connection could be made because the target machine actively refused it in C:\laragon\www\AttendanceMS\system\Database\MySQLi\Connection.php:187
Stack trace:
#0 C:\laragon\www\AttendanceMS\system\Database\MySQLi\Connection.php(187): mysqli->real_connect('localhost', 'root', '', 'ams', 3306, '', 0)
#1 C:\laragon\www\AttendanceMS\system\Database\BaseConnection.php(421): CodeIgniter\Database\MySQLi\Connection->connect(false)
#2 C:\laragon\www\AttendanceMS\system\Database\BaseConnection.php(616): CodeIgniter\Database\BaseConnection->initialize()
#3 C:\laragon\www\AttendanceMS\system\Database\BaseBuilder.php(1644): CodeIgniter\Database\BaseConnection->query('SELECT *\nFROM `...', Array, false)
#4 C:\laragon\www\AttendanceMS\system\Model.php(330): CodeIgniter\Database\BaseBuilder->get()
#5 C:\laragon\www\AttendanceMS\system\BaseModel.php(714): CodeIgniter\Model->doFirst()
#6 C:\laragon\www\AttendanceMS\app\Controllers\ApiController.php(39): CodeIgniter\BaseModel->first()
#7 C:\laragon\www\AttendanceMS\system\CodeIgniter.php(933): App\Controllers\ApiController->login()
#8 C:\laragon\www\AttendanceMS\system\CodeIgniter.php(509): CodeIgniter\CodeIgniter->runController(Object(App\Controllers\ApiController))
#9 C:\laragon\www\AttendanceMS\system\CodeIgniter.php(355): CodeIgniter\CodeIgniter->handleRequest(NULL, Object(Config\Cache), false)
#10 C:\laragon\www\AttendanceMS\system\Boot.php(325): CodeIgniter\CodeIgniter->run()
#11 C:\laragon\www\AttendanceMS\system\Boot.php(67): CodeIgniter\Boot::runCodeIgniter(Object(CodeIgniter\CodeIgniter))
#12 C:\laragon\www\AttendanceMS\public\index.php(56): CodeIgniter\Boot::bootWeb(Object(Config\Paths))
#13 C:\laragon\www\AttendanceMS\system\rewrite.php(44): require_once('C:\\laragon\\www\\...')
#14 {main}

Next CodeIgniter\Database\Exceptions\DatabaseException: No connection could be made because the target machine actively refused it in C:\laragon\www\AttendanceMS\system\Database\MySQLi\Connection.php:231
Stack trace:
#0 C:\laragon\www\AttendanceMS\system\Database\BaseConnection.php(421): CodeIgniter\Database\MySQLi\Connection->connect(false)
#1 C:\laragon\www\AttendanceMS\system\Database\BaseConnection.php(616): CodeIgniter\Database\BaseConnection->initialize()
#2 C:\laragon\www\AttendanceMS\system\Database\BaseBuilder.php(1644): CodeIgniter\Database\BaseConnection->query('SELECT *\nFROM `...', Array, false)
#3 C:\laragon\www\AttendanceMS\system\Model.php(330): CodeIgniter\Database\BaseBuilder->get()
#4 C:\laragon\www\AttendanceMS\system\BaseModel.php(714): CodeIgniter\Model->doFirst()
#5 C:\laragon\www\AttendanceMS\app\Controllers\ApiController.php(39): CodeIgniter\BaseModel->first()
#6 C:\laragon\www\AttendanceMS\system\CodeIgniter.php(933): App\Controllers\ApiController->login()
#7 C:\laragon\www\AttendanceMS\system\CodeIgniter.php(509): CodeIgniter\CodeIgniter->runController(Object(App\Controllers\ApiController))
#8 C:\laragon\www\AttendanceMS\system\CodeIgniter.php(355): CodeIgniter\CodeIgniter->handleRequest(NULL, Object(Config\Cache), false)
#9 C:\laragon\www\AttendanceMS\system\Boot.php(325): CodeIgniter\CodeIgniter->run()
#10 C:\laragon\www\AttendanceMS\system\Boot.php(67): CodeIgniter\Boot::runCodeIgniter(Object(CodeIgniter\CodeIgniter))
#11 C:\laragon\www\AttendanceMS\public\index.php(56): CodeIgniter\Boot::bootWeb(Object(Config\Paths))
#12 C:\laragon\www\AttendanceMS\system\rewrite.php(44): require_once('C:\\laragon\\www\\...')
#13 {main}
CRITICAL - 2024-10-21 13:56:43 --> CodeIgniter\Database\Exceptions\DatabaseException: Unable to connect to the database.
Main connection [MySQLi]: No connection could be made because the target machine actively refused it
[Method: POST, Route: api/login]
in SYSTEMPATH\Database\BaseConnection.php on line 467.
 1 SYSTEMPATH\Database\BaseConnection.php(616): CodeIgniter\Database\BaseConnection->initialize()
 2 SYSTEMPATH\Database\BaseBuilder.php(1644): CodeIgniter\Database\BaseConnection->query('SELECT *
FROM `tb_login`
WHERE `email` = :email:
 LIMIT 1', [...], false)
 3 SYSTEMPATH\Model.php(330): CodeIgniter\Database\BaseBuilder->get()
 4 SYSTEMPATH\BaseModel.php(714): CodeIgniter\Model->doFirst()
 5 APPPATH\Controllers\ApiController.php(39): CodeIgniter\BaseModel->first()
 6 SYSTEMPATH\CodeIgniter.php(933): App\Controllers\ApiController->login()
 7 SYSTEMPATH\CodeIgniter.php(509): CodeIgniter\CodeIgniter->runController(Object(App\Controllers\ApiController))
 8 SYSTEMPATH\CodeIgniter.php(355): CodeIgniter\CodeIgniter->handleRequest(null, Object(Config\Cache), false)
 9 SYSTEMPATH\Boot.php(325): CodeIgniter\CodeIgniter->run()
10 SYSTEMPATH\Boot.php(67): CodeIgniter\Boot::runCodeIgniter(Object(CodeIgniter\CodeIgniter))
11 FCPATH\index.php(56): CodeIgniter\Boot::bootWeb(Object(Config\Paths))
12 SYSTEMPATH\rewrite.php(44): require_once('C:\\laragon\\www\\AttendanceMS\\public\\index.php')
INFO - 2024-10-21 13:56:43 --> Session: Class initialized using 'CodeIgniter\Session\Handlers\FileHandler' driver.
INFO - 2024-10-21 13:56:54 --> Session: Class initialized using 'CodeIgniter\Session\Handlers\FileHandler' driver.
INFO - 2024-10-21 14:01:58 --> Session: Class initialized using 'CodeIgniter\Session\Handlers\FileHandler' driver.
