INFO - 2024-10-28 01:53:33 --> Session: Class initialized using 'CodeIgniter\Session\Handlers\FileHandler' driver.
INFO - 2024-10-28 01:54:05 --> Session: Class initialized using 'CodeIgniter\Session\Handlers\FileHandler' driver.
INFO - 2024-10-28 01:54:08 --> Session: Class initialized using 'CodeIgniter\Session\Handlers\FileHandler' driver.
INFO - 2024-10-28 01:54:19 --> Session: Class initialized using 'CodeIgniter\Session\Handlers\FileHandler' driver.
INFO - 2024-10-28 01:58:44 --> Session: Class initialized using 'CodeIgniter\Session\Handlers\FileHandler' driver.
INFO - 2024-10-28 02:15:57 --> Session: Class initialized using 'CodeIgniter\Session\Handlers\FileHandler' driver.
INFO - 2024-10-28 02:28:57 --> Session: Class initialized using 'CodeIgniter\Session\Handlers\FileHandler' driver.
INFO - 2024-10-28 02:29:03 --> Session: Class initialized using 'CodeIgniter\Session\Handlers\FileHandler' driver.
INFO - 2024-10-28 02:42:59 --> Session: Class initialized using 'CodeIgniter\Session\Handlers\FileHandler' driver.
INFO - 2024-10-28 02:56:05 --> Session: Class initialized using 'CodeIgniter\Session\Handlers\FileHandler' driver.
INFO - 2024-10-28 02:58:51 --> Session: Class initialized using 'CodeIgniter\Session\Handlers\FileHandler' driver.
INFO - 2024-10-28 03:02:02 --> Session: Class initialized using 'CodeIgniter\Session\Handlers\FileHandler' driver.
INFO - 2024-10-28 03:02:19 --> Requested Month: 9, Year: 2, Format: 1
INFO - 2024-10-28 03:02:19 --> Attendance Data: []
INFO - 2024-10-28 03:06:36 --> Requested Month: 9, Year: 2, Format: 2
INFO - 2024-10-28 03:06:36 --> Attendance Data: []
INFO - 2024-10-28 03:11:47 --> Session: Class initialized using 'CodeIgniter\Session\Handlers\FileHandler' driver.
INFO - 2024-10-28 03:11:55 --> Requested Month: 9, Year: 2, Format: 1
INFO - 2024-10-28 03:11:55 --> Attendance Data: []
INFO - 2024-10-28 03:13:02 --> Requested Month: 9, Year: 2, Format: 1
INFO - 2024-10-28 03:13:02 --> Attendance Data: []
INFO - 2024-10-28 03:13:05 --> Requested Month: 9, Year: 2, Format: 1
INFO - 2024-10-28 03:13:05 --> Attendance Data: []
INFO - 2024-10-28 03:13:07 --> Requested Month: 9, Year: 2, Format: 1
INFO - 2024-10-28 03:13:07 --> Attendance Data: []
INFO - 2024-10-28 03:13:09 --> Requested Month: 9, Year: 2, Format: 1
INFO - 2024-10-28 03:13:09 --> Attendance Data: []
INFO - 2024-10-28 03:13:12 --> Session: Class initialized using 'CodeIgniter\Session\Handlers\FileHandler' driver.
INFO - 2024-10-28 03:13:19 --> Session: Class initialized using 'CodeIgniter\Session\Handlers\FileHandler' driver.
INFO - 2024-10-28 03:13:31 --> Requested Month: 8, Year: 2, Format: 1
INFO - 2024-10-28 03:13:31 --> Attendance Data: []
INFO - 2024-10-28 03:13:35 --> Requested Month: 10, Year: 2, Format: 1
INFO - 2024-10-28 03:13:35 --> Attendance Data: []
INFO - 2024-10-28 03:13:39 --> Requested Month: Month, Year: 2, Format: 1
INFO - 2024-10-28 03:13:39 --> Attendance Data: []
INFO - 2024-10-28 03:13:43 --> Requested Month: 1, Year: 2, Format: 1
INFO - 2024-10-28 03:13:43 --> Attendance Data: []
INFO - 2024-10-28 03:15:03 --> Session: Class initialized using 'CodeIgniter\Session\Handlers\FileHandler' driver.
INFO - 2024-10-28 03:15:26 --> Session: Class initialized using 'CodeIgniter\Session\Handlers\FileHandler' driver.
INFO - 2024-10-28 03:15:31 --> Session: Class initialized using 'CodeIgniter\Session\Handlers\FileHandler' driver.
INFO - 2024-10-28 03:15:34 --> Session: Class initialized using 'CodeIgniter\Session\Handlers\FileHandler' driver.
INFO - 2024-10-28 03:16:22 --> Session: Class initialized using 'CodeIgniter\Session\Handlers\FileHandler' driver.
INFO - 2024-10-28 03:16:48 --> Session: Class initialized using 'CodeIgniter\Session\Handlers\FileHandler' driver.
INFO - 2024-10-28 03:17:04 --> Session: Class initialized using 'CodeIgniter\Session\Handlers\FileHandler' driver.
INFO - 2024-10-28 03:17:23 --> Session: Class initialized using 'CodeIgniter\Session\Handlers\FileHandler' driver.
INFO - 2024-10-28 03:18:49 --> Session: Class initialized using 'CodeIgniter\Session\Handlers\FileHandler' driver.
INFO - 2024-10-28 03:18:54 --> Session: Class initialized using 'CodeIgniter\Session\Handlers\FileHandler' driver.
INFO - 2024-10-28 03:18:59 --> Session: Class initialized using 'CodeIgniter\Session\Handlers\FileHandler' driver.
INFO - 2024-10-28 03:20:00 --> Session: Class initialized using 'CodeIgniter\Session\Handlers\FileHandler' driver.
INFO - 2024-10-28 03:20:04 --> Session: Class initialized using 'CodeIgniter\Session\Handlers\FileHandler' driver.
INFO - 2024-10-28 03:20:14 --> Session: Class initialized using 'CodeIgniter\Session\Handlers\FileHandler' driver.
INFO - 2024-10-28 03:20:17 --> Session: Class initialized using 'CodeIgniter\Session\Handlers\FileHandler' driver.
INFO - 2024-10-28 03:20:20 --> Session: Class initialized using 'CodeIgniter\Session\Handlers\FileHandler' driver.
INFO - 2024-10-28 03:21:26 --> Session: Class initialized using 'CodeIgniter\Session\Handlers\FileHandler' driver.
INFO - 2024-10-28 03:21:35 --> Requested Month: 9, Year: 2, Format: 1
INFO - 2024-10-28 03:21:35 --> Attendance Data: []
INFO - 2024-10-28 03:25:21 --> Requested Month: 9, Year: 2, Format: 1
INFO - 2024-10-28 03:25:21 --> Attendance Data: []
INFO - 2024-10-28 03:26:01 --> Session: Class initialized using 'CodeIgniter\Session\Handlers\FileHandler' driver.
INFO - 2024-10-28 03:31:37 --> Session: Class initialized using 'CodeIgniter\Session\Handlers\FileHandler' driver.
INFO - 2024-10-28 03:37:32 --> Session: Class initialized using 'CodeIgniter\Session\Handlers\FileHandler' driver.
INFO - 2024-10-28 04:01:04 --> Session: Class initialized using 'CodeIgniter\Session\Handlers\FileHandler' driver.
INFO - 2024-10-28 04:01:17 --> Session: Class initialized using 'CodeIgniter\Session\Handlers\FileHandler' driver.
INFO - 2024-10-28 06:34:13 --> Session: Class initialized using 'CodeIgniter\Session\Handlers\FileHandler' driver.
INFO - 2024-10-28 06:34:33 --> Session: Class initialized using 'CodeIgniter\Session\Handlers\FileHandler' driver.
INFO - 2024-10-28 06:34:35 --> Session: Class initialized using 'CodeIgniter\Session\Handlers\FileHandler' driver.
INFO - 2024-10-28 06:34:44 --> Session: Class initialized using 'CodeIgniter\Session\Handlers\FileHandler' driver.
INFO - 2024-10-28 06:34:57 --> Session: Class initialized using 'CodeIgniter\Session\Handlers\FileHandler' driver.
INFO - 2024-10-28 06:35:03 --> Session: Class initialized using 'CodeIgniter\Session\Handlers\FileHandler' driver.
INFO - 2024-10-28 06:35:39 --> Session: Class initialized using 'CodeIgniter\Session\Handlers\FileHandler' driver.
INFO - 2024-10-28 06:35:42 --> Session: Class initialized using 'CodeIgniter\Session\Handlers\FileHandler' driver.
INFO - 2024-10-28 06:35:45 --> Session: Class initialized using 'CodeIgniter\Session\Handlers\FileHandler' driver.
INFO - 2024-10-28 06:35:47 --> Session: Class initialized using 'CodeIgniter\Session\Handlers\FileHandler' driver.
INFO - 2024-10-28 06:38:08 --> Session: Class initialized using 'CodeIgniter\Session\Handlers\FileHandler' driver.
INFO - 2024-10-28 06:49:46 --> Session: Class initialized using 'CodeIgniter\Session\Handlers\FileHandler' driver.
INFO - 2024-10-28 06:49:51 --> Session: Class initialized using 'CodeIgniter\Session\Handlers\FileHandler' driver.
INFO - 2024-10-28 07:00:30 --> Session: Class initialized using 'CodeIgniter\Session\Handlers\FileHandler' driver.
INFO - 2024-10-28 07:01:33 --> Session: Class initialized using 'CodeIgniter\Session\Handlers\FileHandler' driver.
INFO - 2024-10-28 07:01:36 --> Session: Class initialized using 'CodeIgniter\Session\Handlers\FileHandler' driver.
INFO - 2024-10-28 07:03:08 --> Session: Class initialized using 'CodeIgniter\Session\Handlers\FileHandler' driver.
INFO - 2024-10-28 07:03:11 --> Session: Class initialized using 'CodeIgniter\Session\Handlers\FileHandler' driver.
DEBUG - 2024-10-28 07:03:18 --> Month: 9, Year: 2
DEBUG - 2024-10-28 07:03:18 --> SQL Query: SELECT `tb_attendance`.*, `tb_employee`.`username` as `employee_name`
FROM `tb_attendance`
LEFT JOIN `tb_employee` ON `tb_attendance`.`id_employee` = `tb_employee`.`id_employee`
WHERE MONTH(tb_attendance.date) = '9'
AND YEAR(tb_attendance.date) = '2'
INFO - 2024-10-28 07:03:56 --> Session: Class initialized using 'CodeIgniter\Session\Handlers\FileHandler' driver.
INFO - 2024-10-28 07:04:01 --> Session: Class initialized using 'CodeIgniter\Session\Handlers\FileHandler' driver.
DEBUG - 2024-10-28 07:04:10 --> Received format: 1
DEBUG - 2024-10-28 07:04:10 --> SQL Query: SELECT `tb_attendance`.*, `tb_employee`.`username` as `employee_name`
FROM `tb_attendance`
LEFT JOIN `tb_employee` ON `tb_attendance`.`id_employee` = `tb_employee`.`id_employee`
WHERE MONTH(tb_attendance.date) = '9'
AND YEAR(tb_attendance.date) = '2'
INFO - 2024-10-28 07:08:45 --> Session: Class initialized using 'CodeIgniter\Session\Handlers\FileHandler' driver.
INFO - 2024-10-28 07:08:49 --> Session: Class initialized using 'CodeIgniter\Session\Handlers\FileHandler' driver.
INFO - 2024-10-28 07:09:10 --> Session: Class initialized using 'CodeIgniter\Session\Handlers\FileHandler' driver.
INFO - 2024-10-28 07:09:56 --> Session: Class initialized using 'CodeIgniter\Session\Handlers\FileHandler' driver.
DEBUG - 2024-10-28 07:11:02 --> Received format: pdf
DEBUG - 2024-10-28 07:11:02 --> SQL Query: SELECT `tb_attendance`.*, `tb_employee`.`username` as `employee_name`
FROM `tb_attendance`
LEFT JOIN `tb_employee` ON `tb_attendance`.`id_employee` = `tb_employee`.`id_employee`
WHERE MONTH(tb_attendance.date) = '9'
AND YEAR(tb_attendance.date) = '2'
INFO - 2024-10-28 07:11:05 --> Session: Class initialized using 'CodeIgniter\Session\Handlers\FileHandler' driver.
INFO - 2024-10-28 07:12:10 --> Session: Class initialized using 'CodeIgniter\Session\Handlers\FileHandler' driver.
INFO - 2024-10-28 07:13:00 --> Session: Class initialized using 'CodeIgniter\Session\Handlers\FileHandler' driver.
INFO - 2024-10-28 07:13:05 --> Session: Class initialized using 'CodeIgniter\Session\Handlers\FileHandler' driver.
INFO - 2024-10-28 07:16:32 --> Session: Class initialized using 'CodeIgniter\Session\Handlers\FileHandler' driver.
INFO - 2024-10-28 07:16:36 --> Session: Class initialized using 'CodeIgniter\Session\Handlers\FileHandler' driver.
DEBUG - 2024-10-28 07:16:43 --> SQL Query: SELECT `tb_attendance`.*, `tb_employee`.`username` as `employee_name`
FROM `tb_attendance`
LEFT JOIN `tb_employee` ON `tb_attendance`.`id_employee` = `tb_employee`.`id_employee`
WHERE MONTH(tb_attendance.date) = '9'
AND YEAR(tb_attendance.date) = '2'
CRITICAL - 2024-10-28 07:16:44 --> CodeIgniter\View\Exceptions\ViewException: Invalid file: "reports/pdf_template.php"
[Method: POST, Route: report/generateReport]
in SYSTEMPATH\Exceptions\FrameworkException.php on line 41.
 1 SYSTEMPATH\View\View.php(222): CodeIgniter\Exceptions\FrameworkException::forInvalidFile('reports/pdf_template.php')
 2 SYSTEMPATH\Common.php(1171): CodeIgniter\View\View->render('reports/pdf_template', [], true)
 3 APPPATH\Controllers\ReportController.php(51): view('reports/pdf_template', [...])
 4 SYSTEMPATH\CodeIgniter.php(933): App\Controllers\ReportController->generateReport()
 5 SYSTEMPATH\CodeIgniter.php(509): CodeIgniter\CodeIgniter->runController(Object(App\Controllers\ReportController))
 6 SYSTEMPATH\CodeIgniter.php(355): CodeIgniter\CodeIgniter->handleRequest(null, Object(Config\Cache), false)
 7 SYSTEMPATH\Boot.php(325): CodeIgniter\CodeIgniter->run()
 8 SYSTEMPATH\Boot.php(67): CodeIgniter\Boot::runCodeIgniter(Object(CodeIgniter\CodeIgniter))
 9 FCPATH\index.php(56): CodeIgniter\Boot::bootWeb(Object(Config\Paths))
10 SYSTEMPATH\rewrite.php(44): require_once('C:\\Users\\zack\\Downloads\\AttendanceMS (2)\\AttendanceMS\\public\\index.php')
INFO - 2024-10-28 07:18:25 --> Session: Class initialized using 'CodeIgniter\Session\Handlers\FileHandler' driver.
INFO - 2024-10-28 07:18:29 --> Session: Class initialized using 'CodeIgniter\Session\Handlers\FileHandler' driver.
INFO - 2024-10-28 07:18:34 --> Session: Class initialized using 'CodeIgniter\Session\Handlers\FileHandler' driver.
DEBUG - 2024-10-28 07:18:41 --> SQL Query: SELECT `tb_attendance`.*, `tb_employee`.`username` as `employee_name`
FROM `tb_attendance`
LEFT JOIN `tb_employee` ON `tb_attendance`.`id_employee` = `tb_employee`.`id_employee`
WHERE MONTH(tb_attendance.date) = '9'
AND YEAR(tb_attendance.date) = '2'
CRITICAL - 2024-10-28 07:18:41 --> CodeIgniter\View\Exceptions\ViewException: Invalid file: "reports/pdf_template.php"
[Method: POST, Route: report/generateReport]
in SYSTEMPATH\Exceptions\FrameworkException.php on line 41.
 1 SYSTEMPATH\View\View.php(222): CodeIgniter\Exceptions\FrameworkException::forInvalidFile('reports/pdf_template.php')
 2 SYSTEMPATH\Common.php(1171): CodeIgniter\View\View->render('reports/pdf_template', [], true)
 3 APPPATH\Controllers\ReportController.php(51): view('reports/pdf_template', [...])
 4 SYSTEMPATH\CodeIgniter.php(933): App\Controllers\ReportController->generateReport()
 5 SYSTEMPATH\CodeIgniter.php(509): CodeIgniter\CodeIgniter->runController(Object(App\Controllers\ReportController))
 6 SYSTEMPATH\CodeIgniter.php(355): CodeIgniter\CodeIgniter->handleRequest(null, Object(Config\Cache), false)
 7 SYSTEMPATH\Boot.php(325): CodeIgniter\CodeIgniter->run()
 8 SYSTEMPATH\Boot.php(67): CodeIgniter\Boot::runCodeIgniter(Object(CodeIgniter\CodeIgniter))
 9 FCPATH\index.php(56): CodeIgniter\Boot::bootWeb(Object(Config\Paths))
10 SYSTEMPATH\rewrite.php(44): require_once('C:\\Users\\zack\\Downloads\\AttendanceMS (2)\\AttendanceMS\\public\\index.php')
INFO - 2024-10-28 07:18:47 --> Session: Class initialized using 'CodeIgniter\Session\Handlers\FileHandler' driver.
INFO - 2024-10-28 07:19:18 --> Session: Class initialized using 'CodeIgniter\Session\Handlers\FileHandler' driver.
DEBUG - 2024-10-28 07:19:33 --> SQL Query: SELECT `tb_attendance`.*, `tb_employee`.`username` as `employee_name`
FROM `tb_attendance`
LEFT JOIN `tb_employee` ON `tb_attendance`.`id_employee` = `tb_employee`.`id_employee`
WHERE MONTH(tb_attendance.date) = '9'
AND YEAR(tb_attendance.date) = '2'
CRITICAL - 2024-10-28 07:19:33 --> ErrorException: Undefined variable $data
[Method: POST, Route: report/generateReport]
in APPPATH\Views\pdf_template.php on line 30.
 1 APPPATH\Views\pdf_template.php(30): CodeIgniter\Debug\Exceptions->errorHandler(2, 'Undefined variable $data', 'C:\\Users\\zack\\Downloads\\AttendanceMS (2)\\AttendanceMS\\app\\Views\\pdf_template.php', 30)
 2 SYSTEMPATH\View\View.php(234): include('C:\\Users\\zack\\Downloads\\AttendanceMS (2)\\AttendanceMS\\app\\Views\\pdf_template.php')
 3 SYSTEMPATH\View\View.php(237): CodeIgniter\View\View->CodeIgniter\View\{closure}()
 4 SYSTEMPATH\Common.php(1171): CodeIgniter\View\View->render('pdf_template', [], true)
 5 APPPATH\Controllers\ReportController.php(51): view('pdf_template', [...])
 6 SYSTEMPATH\CodeIgniter.php(933): App\Controllers\ReportController->generateReport()
 7 SYSTEMPATH\CodeIgniter.php(509): CodeIgniter\CodeIgniter->runController(Object(App\Controllers\ReportController))
 8 SYSTEMPATH\CodeIgniter.php(355): CodeIgniter\CodeIgniter->handleRequest(null, Object(Config\Cache), false)
 9 SYSTEMPATH\Boot.php(325): CodeIgniter\CodeIgniter->run()
10 SYSTEMPATH\Boot.php(67): CodeIgniter\Boot::runCodeIgniter(Object(CodeIgniter\CodeIgniter))
11 FCPATH\index.php(56): CodeIgniter\Boot::bootWeb(Object(Config\Paths))
12 SYSTEMPATH\rewrite.php(44): require_once('C:\\Users\\zack\\Downloads\\AttendanceMS (2)\\AttendanceMS\\public\\index.php')
INFO - 2024-10-28 07:22:24 --> Session: Class initialized using 'CodeIgniter\Session\Handlers\FileHandler' driver.
INFO - 2024-10-28 07:22:26 --> Session: Class initialized using 'CodeIgniter\Session\Handlers\FileHandler' driver.
DEBUG - 2024-10-28 07:22:35 --> SQL Query: SELECT `tb_attendance`.*, `tb_employee`.`username` as `employee_name`
FROM `tb_attendance`
LEFT JOIN `tb_employee` ON `tb_attendance`.`id_employee` = `tb_employee`.`id_employee`
WHERE MONTH(tb_attendance.date) = '9'
AND YEAR(tb_attendance.date) = '2'
CRITICAL - 2024-10-28 07:22:35 --> ErrorException: Undefined array key "employee_name"
[Method: POST, Route: report/generateReport]
in APPPATH\Views\pdf_template.php on line 38.
 1 APPPATH\Views\pdf_template.php(38): CodeIgniter\Debug\Exceptions->errorHandler(2, 'Undefined array key "employee_name"', 'C:\\Users\\zack\\Downloads\\AttendanceMS (2)\\AttendanceMS\\app\\Views\\pdf_template.php', 38)
 2 SYSTEMPATH\View\View.php(234): include('C:\\Users\\zack\\Downloads\\AttendanceMS (2)\\AttendanceMS\\app\\Views\\pdf_template.php')
 3 SYSTEMPATH\View\View.php(237): CodeIgniter\View\View->CodeIgniter\View\{closure}()
 4 SYSTEMPATH\Common.php(1171): CodeIgniter\View\View->render('pdf_template', [], true)
 5 APPPATH\Controllers\ReportController.php(47): view('pdf_template', [...])
 6 SYSTEMPATH\CodeIgniter.php(933): App\Controllers\ReportController->generateReport()
 7 SYSTEMPATH\CodeIgniter.php(509): CodeIgniter\CodeIgniter->runController(Object(App\Controllers\ReportController))
 8 SYSTEMPATH\CodeIgniter.php(355): CodeIgniter\CodeIgniter->handleRequest(null, Object(Config\Cache), false)
 9 SYSTEMPATH\Boot.php(325): CodeIgniter\CodeIgniter->run()
10 SYSTEMPATH\Boot.php(67): CodeIgniter\Boot::runCodeIgniter(Object(CodeIgniter\CodeIgniter))
11 FCPATH\index.php(56): CodeIgniter\Boot::bootWeb(Object(Config\Paths))
12 SYSTEMPATH\rewrite.php(44): require_once('C:\\Users\\zack\\Downloads\\AttendanceMS (2)\\AttendanceMS\\public\\index.php')
INFO - 2024-10-28 07:24:29 --> Session: Class initialized using 'CodeIgniter\Session\Handlers\FileHandler' driver.
INFO - 2024-10-28 07:24:33 --> Session: Class initialized using 'CodeIgniter\Session\Handlers\FileHandler' driver.
INFO - 2024-10-28 07:26:34 --> Session: Class initialized using 'CodeIgniter\Session\Handlers\FileHandler' driver.
INFO - 2024-10-28 07:26:37 --> Session: Class initialized using 'CodeIgniter\Session\Handlers\FileHandler' driver.
INFO - 2024-10-28 07:27:19 --> Session: Class initialized using 'CodeIgniter\Session\Handlers\FileHandler' driver.
CRITICAL - 2024-10-28 07:27:30 --> ErrorException: Undefined array key "employee_id"
[Method: POST, Route: report/generateReport]
in APPPATH\Controllers\ReportController.php on line 70.
 1 APPPATH\Controllers\ReportController.php(70): CodeIgniter\Debug\Exceptions->errorHandler(2, 'Undefined array key "employee_id"', 'C:\\Users\\zack\\Downloads\\AttendanceMS (2)\\AttendanceMS\\app\\Controllers\\ReportController.php', 70)
 2 SYSTEMPATH\CodeIgniter.php(933): App\Controllers\ReportController->generateReport()
 3 SYSTEMPATH\CodeIgniter.php(509): CodeIgniter\CodeIgniter->runController(Object(App\Controllers\ReportController))
 4 SYSTEMPATH\CodeIgniter.php(355): CodeIgniter\CodeIgniter->handleRequest(null, Object(Config\Cache), false)
 5 SYSTEMPATH\Boot.php(325): CodeIgniter\CodeIgniter->run()
 6 SYSTEMPATH\Boot.php(67): CodeIgniter\Boot::runCodeIgniter(Object(CodeIgniter\CodeIgniter))
 7 FCPATH\index.php(56): CodeIgniter\Boot::bootWeb(Object(Config\Paths))
 8 SYSTEMPATH\rewrite.php(44): require_once('C:\\Users\\zack\\Downloads\\AttendanceMS (2)\\AttendanceMS\\public\\index.php')
INFO - 2024-10-28 07:28:40 --> Session: Class initialized using 'CodeIgniter\Session\Handlers\FileHandler' driver.
INFO - 2024-10-28 07:28:43 --> Session: Class initialized using 'CodeIgniter\Session\Handlers\FileHandler' driver.
CRITICAL - 2024-10-28 07:28:51 --> ErrorException: Undefined array key "status"
[Method: POST, Route: report/generateReport]
in APPPATH\Controllers\ReportController.php on line 72.
 1 APPPATH\Controllers\ReportController.php(72): CodeIgniter\Debug\Exceptions->errorHandler(2, 'Undefined array key "status"', 'C:\\Users\\zack\\Downloads\\AttendanceMS (2)\\AttendanceMS\\app\\Controllers\\ReportController.php', 72)
 2 SYSTEMPATH\CodeIgniter.php(933): App\Controllers\ReportController->generateReport()
 3 SYSTEMPATH\CodeIgniter.php(509): CodeIgniter\CodeIgniter->runController(Object(App\Controllers\ReportController))
 4 SYSTEMPATH\CodeIgniter.php(355): CodeIgniter\CodeIgniter->handleRequest(null, Object(Config\Cache), false)
 5 SYSTEMPATH\Boot.php(325): CodeIgniter\CodeIgniter->run()
 6 SYSTEMPATH\Boot.php(67): CodeIgniter\Boot::runCodeIgniter(Object(CodeIgniter\CodeIgniter))
 7 FCPATH\index.php(56): CodeIgniter\Boot::bootWeb(Object(Config\Paths))
 8 SYSTEMPATH\rewrite.php(44): require_once('C:\\Users\\zack\\Downloads\\AttendanceMS (2)\\AttendanceMS\\public\\index.php')
INFO - 2024-10-28 07:28:55 --> Session: Class initialized using 'CodeIgniter\Session\Handlers\FileHandler' driver.
INFO - 2024-10-28 07:29:11 --> Session: Class initialized using 'CodeIgniter\Session\Handlers\FileHandler' driver.
INFO - 2024-10-28 07:29:20 --> Session: Class initialized using 'CodeIgniter\Session\Handlers\FileHandler' driver.
INFO - 2024-10-28 07:34:10 --> Session: Class initialized using 'CodeIgniter\Session\Handlers\FileHandler' driver.
INFO - 2024-10-28 07:41:55 --> Session: Class initialized using 'CodeIgniter\Session\Handlers\FileHandler' driver.
INFO - 2024-10-28 07:41:58 --> Session: Class initialized using 'CodeIgniter\Session\Handlers\FileHandler' driver.
INFO - 2024-10-28 07:42:22 --> Session: Class initialized using 'CodeIgniter\Session\Handlers\FileHandler' driver.
INFO - 2024-10-28 07:42:38 --> Session: Class initialized using 'CodeIgniter\Session\Handlers\FileHandler' driver.
INFO - 2024-10-28 07:42:48 --> Session: Class initialized using 'CodeIgniter\Session\Handlers\FileHandler' driver.
INFO - 2024-10-28 07:42:53 --> Session: Class initialized using 'CodeIgniter\Session\Handlers\FileHandler' driver.
INFO - 2024-10-28 07:43:07 --> Session: Class initialized using 'CodeIgniter\Session\Handlers\FileHandler' driver.
INFO - 2024-10-28 07:43:17 --> Session: Class initialized using 'CodeIgniter\Session\Handlers\FileHandler' driver.
INFO - 2024-10-28 07:45:43 --> Session: Class initialized using 'CodeIgniter\Session\Handlers\FileHandler' driver.
INFO - 2024-10-28 07:46:29 --> Session: Class initialized using 'CodeIgniter\Session\Handlers\FileHandler' driver.
INFO - 2024-10-28 07:53:35 --> Session: Class initialized using 'CodeIgniter\Session\Handlers\FileHandler' driver.
INFO - 2024-10-28 07:57:04 --> Session: Class initialized using 'CodeIgniter\Session\Handlers\FileHandler' driver.
INFO - 2024-10-28 07:57:22 --> Session: Class initialized using 'CodeIgniter\Session\Handlers\FileHandler' driver.
INFO - 2024-10-28 08:00:50 --> Session: Class initialized using 'CodeIgniter\Session\Handlers\FileHandler' driver.
INFO - 2024-10-28 08:04:10 --> Session: Class initialized using 'CodeIgniter\Session\Handlers\FileHandler' driver.
INFO - 2024-10-28 08:05:11 --> Session: Class initialized using 'CodeIgniter\Session\Handlers\FileHandler' driver.
INFO - 2024-10-28 08:05:32 --> Session: Class initialized using 'CodeIgniter\Session\Handlers\FileHandler' driver.
INFO - 2024-10-28 08:05:53 --> Session: Class initialized using 'CodeIgniter\Session\Handlers\FileHandler' driver.
INFO - 2024-10-28 08:08:22 --> Session: Class initialized using 'CodeIgniter\Session\Handlers\FileHandler' driver.
INFO - 2024-10-28 08:09:14 --> Session: Class initialized using 'CodeIgniter\Session\Handlers\FileHandler' driver.
INFO - 2024-10-28 08:18:31 --> Session: Class initialized using 'CodeIgniter\Session\Handlers\FileHandler' driver.
INFO - 2024-10-28 08:21:32 --> Session: Class initialized using 'CodeIgniter\Session\Handlers\FileHandler' driver.
INFO - 2024-10-28 08:22:46 --> Session: Class initialized using 'CodeIgniter\Session\Handlers\FileHandler' driver.
INFO - 2024-10-28 08:22:53 --> Session: Class initialized using 'CodeIgniter\Session\Handlers\FileHandler' driver.
INFO - 2024-10-28 08:30:16 --> Session: Class initialized using 'CodeIgniter\Session\Handlers\FileHandler' driver.
INFO - 2024-10-28 08:35:16 --> Session: Class initialized using 'CodeIgniter\Session\Handlers\FileHandler' driver.
INFO - 2024-10-28 08:36:14 --> Session: Class initialized using 'CodeIgniter\Session\Handlers\FileHandler' driver.
INFO - 2024-10-28 08:37:20 --> Session: Class initialized using 'CodeIgniter\Session\Handlers\FileHandler' driver.
INFO - 2024-10-28 08:38:10 --> Session: Class initialized using 'CodeIgniter\Session\Handlers\FileHandler' driver.
INFO - 2024-10-28 08:38:19 --> Session: Class initialized using 'CodeIgniter\Session\Handlers\FileHandler' driver.
INFO - 2024-10-28 08:38:21 --> Session: Class initialized using 'CodeIgniter\Session\Handlers\FileHandler' driver.
INFO - 2024-10-28 08:38:40 --> Session: Class initialized using 'CodeIgniter\Session\Handlers\FileHandler' driver.
INFO - 2024-10-28 08:39:50 --> Session: Class initialized using 'CodeIgniter\Session\Handlers\FileHandler' driver.
INFO - 2024-10-28 08:40:25 --> Session: Class initialized using 'CodeIgniter\Session\Handlers\FileHandler' driver.
INFO - 2024-10-28 08:40:33 --> Session: Class initialized using 'CodeIgniter\Session\Handlers\FileHandler' driver.
INFO - 2024-10-28 08:40:43 --> Session: Class initialized using 'CodeIgniter\Session\Handlers\FileHandler' driver.
INFO - 2024-10-28 08:41:09 --> Session: Class initialized using 'CodeIgniter\Session\Handlers\FileHandler' driver.
INFO - 2024-10-28 08:41:11 --> Session: Class initialized using 'CodeIgniter\Session\Handlers\FileHandler' driver.
